2017-10-25 07:23:09 +0000  Initial pipeline context: <IDEDistributionProcessingPipelineContext: 0x7fe0b25dfeb0; archive(resolved)='<IDEArchive: 0x7fe0b7a58c30>', distributionTask(resolved)='2', distributionMethod(resolved)='<IDEDistributionMethodAdHoc: 0x7fe0c08b6eb0>', team(resolved)='<IDEProvisioningBasicTeam 0x7fe0b4930280: teamID: VKV9LL3GL2, teamName: FENG YUN HUI CO.,LTD>'>
	Chain (11, self inclusive):
	<IDEDistributionProcessingPipelineContext: 0x7fe0b25dfeb0; archive = '<IDEArchive: 0x7fe0b7a58c30>', distributionMethod='<IDEDistributionMethodAdHoc: 0x7fe0c08b6eb0>', team='<IDEProvisioningBasicTeam 0x7fe0b4930280: teamID: VKV9LL3GL2, teamName: FENG YUN HUI CO.,LTD>'>
	<IDEDistributionProcessingPipelineContext: 0x7fe0b4d5ee60; archive = '<IDEArchive: 0x7fe0b7a58c30>', distributionMethod='<IDEDistributionMethodAdHoc: 0x7fe0c08b6eb0>', team='<IDEProvisioningBasicTeam 0x7fe0b4930280: teamID: VKV9LL3GL2, teamName: FENG YUN HUI CO.,LTD>'>
	<IDEDistributionContext: 0x7fe0b217ecc0; archive = '<IDEArchive: 0x7fe0b7a58c30>', distributionMethod='<IDEDistributionMethodAdHoc: 0x7fe0c08b6eb0>', team='<IDEProvisioningBasicTeam 0x7fe0b4930280: teamID: VKV9LL3GL2, teamName: FENG YUN HUI CO.,LTD>'>
	<IDEDistributionContext: 0x7fe0b4245810; archive = '<IDEArchive: 0x7fe0b7a58c30>', distributionMethod='<IDEDistributionMethodAdHoc: 0x7fe0c08b6eb0>', team='<IDEProvisioningBasicTeam 0x7fe0b4930280: teamID: VKV9LL3GL2, teamName: FENG YUN HUI CO.,LTD>'>
	<IDEDistributionContext: 0x7fe0b0def7f0; archive = '<IDEArchive: 0x7fe0b7a58c30>', distributionMethod='<IDEDistributionMethodAdHoc: 0x7fe0c08b6eb0>', team='<IDEProvisioningBasicTeam 0x7fe0b4930280: teamID: VKV9LL3GL2, teamName: FENG YUN HUI CO.,LTD>'>
	<IDEDistributionContext: 0x7fe0ca666b40; archive = '<IDEArchive: 0x7fe0b7a58c30>', distributionMethod='<IDEDistributionMethodAdHoc: 0x7fe0c08b6eb0>', team='<IDEProvisioningBasicTeam 0x7fe0b4930280: teamID: VKV9LL3GL2, teamName: FENG YUN HUI CO.,LTD>'>
	<IDEDistributionContext: 0x7fe0db0e9000; archive = '<IDEArchive: 0x7fe0b7a58c30>', distributionMethod='<IDEDistributionMethodAdHoc: 0x7fe0c08b6eb0>', team='<IDEProvisioningBasicTeam 0x7fe0b4930280: teamID: VKV9LL3GL2, teamName: FENG YUN HUI CO.,LTD>'>
	<IDEDistributionContext: 0x7fe0c392c3a0; archive = '<IDEArchive: 0x7fe0b7a58c30>', distributionMethod='<IDEDistributionMethodAdHoc: 0x7fe0c08b6eb0>', team='<IDEProvisioningBasicTeam 0x7fe0b4930280: teamID: VKV9LL3GL2, teamName: FENG YUN HUI CO.,LTD>'>
	<IDEDistributionContext: 0x7fe0b428d1f0; archive = '<IDEArchive: 0x7fe0b7a58c30>', distributionMethod='<IDEDistributionMethodAdHoc: 0x7fe0c08b6eb0>', team='<IDEProvisioningBasicTeam 0x7fe0b4930280: teamID: VKV9LL3GL2, teamName: FENG YUN HUI CO.,LTD>'>
	<IDEDistributionContext: 0x7fe0b3018e20; archive = '<IDEArchive: 0x7fe0b7a58c30>', distributionMethod='<IDEDistributionMethodAdHoc: 0x7fe0c08b6eb0>', team='(null)'>
	<IDEDistributionContext: 0x7fe0b1e89550; archive = '<IDEArchive: 0x7fe0b7a58c30>', distributionMethod='(null)', team='(null)'>
</IDEDistributionProcessingPipelineContext: 0x7fe0b25dfeb0>
2017-10-25 07:23:09 +0000  Processing step: IDEDistributionCreateDestRootStep
2017-10-25 07:23:09 +0000  Processing step: IDEDistributionCopyItemStep
2017-10-25 07:23:09 +0000  Running /usr/bin/ditto '-V' '/Users/yhf/Library/Developer/Xcode/Archives/2017-10-25/FyhNewProj 2017-10-25 下午3.20.xcarchive/Products/Applications/FyhNewProj.app' '/var/folders/j7/sy65rf2d7jsfb9sl2y70hq700000gn/T/XcodeDistPipeline.dZQ/Root/Payload/FyhNewProj.app'
2017-10-25 07:23:09 +0000  >>> Copying /Users/yhf/Library/Developer/Xcode/Archives/2017-10-25/FyhNewProj 2017-10-25 下午3.20.xcarchive/Products/Applications/FyhNewProj.app 
2017-10-25 07:23:09 +0000  copying file ./_CodeSignature/CodeResources ... 
2017-10-25 07:23:09 +0000  106910 bytes for ./_CodeSignature/CodeResources
2017-10-25 07:23:09 +0000  copying file ./AlipaySDK.bundle/bar@2x.png ... 
1011 bytes for ./AlipaySDK.bundle/bar@2x.png
copying file ./AlipaySDK.bundle/refresh@2x.png ... 
2017-10-25 07:23:09 +0000  605 bytes for ./AlipaySDK.bundle/refresh@2x.png
copying file ./AlipaySDK.bundle/refresh_click@2x.png ... 
2017-10-25 07:23:09 +0000  1824 bytes for ./AlipaySDK.bundle/refresh_click@2x.png
copying file ./AlipaySDK.bundle/shutdown@2x.png ... 
2017-10-25 07:23:09 +0000  222 bytes for ./AlipaySDK.bundle/shutdown@2x.png
2017-10-25 07:23:09 +0000  copying file ./AlipaySDK.bundle/shutdown_click@2x.png ... 
2017-10-25 07:23:09 +0000  1319 bytes for ./AlipaySDK.bundle/shutdown_click@2x.png
copying file ./AppIcon29x29@2x.png ... 
2017-10-25 07:23:09 +0000  4598 bytes for ./AppIcon29x29@2x.png
copying file ./AppIcon29x29@2x~ipad.png ... 
4610 bytes for ./AppIcon29x29@2x~ipad.png
copying file ./AppIcon29x29@3x.png ... 
6001 bytes for ./AppIcon29x29@3x.png
copying file ./AppIcon29x29~ipad.png ... 
2017-10-25 07:23:09 +0000  3576 bytes for ./AppIcon29x29~ipad.png
copying file ./AppIcon40x40@2x.png ... 
2017-10-25 07:23:09 +0000  5872 bytes for ./AppIcon40x40@2x.png
copying file ./AppIcon40x40@2x~ipad.png ... 
2017-10-25 07:23:09 +0000  5927 bytes for ./AppIcon40x40@2x~ipad.png
copying file ./AppIcon40x40@3x.png ... 
2017-10-25 07:23:09 +0000  7553 bytes for ./AppIcon40x40@3x.png
copying file ./AppIcon40x40~ipad.png ... 
2017-10-25 07:23:09 +0000  3969 bytes for ./AppIcon40x40~ipad.png
copying file ./AppIcon60x60@2x.png ... 
7495 bytes for ./AppIcon60x60@2x.png
copying file ./AppIcon60x60@3x.png ... 
2017-10-25 07:23:09 +0000  10535 bytes for ./AppIcon60x60@3x.png
copying file ./AppIcon76x76@2x~ipad.png ... 
2017-10-25 07:23:09 +0000  9169 bytes for ./AppIcon76x76@2x~ipad.png
copying file ./AppIcon76x76~ipad.png ... 
2017-10-25 07:23:09 +0000  5514 bytes for ./AppIcon76x76~ipad.png
copying file ./AppIcon83.5x83.5@2x~ipad.png ... 
2017-10-25 07:23:09 +0000  9886 bytes for ./AppIcon83.5x83.5@2x~ipad.png
copying file ./archived-expanded-entitlements.xcent ... 
2017-10-25 07:23:09 +0000  246 bytes for ./archived-expanded-entitlements.xcent
copying file ./area.plist ... 
2017-10-25 07:23:09 +0000  43394 bytes for ./area.plist
copying file ./area_with_all.plist ... 
2017-10-25 07:23:09 +0000  43442 bytes for ./area_with_all.plist
copying file ./areas.json ... 
2017-10-25 07:23:09 +0000  190620 bytes for ./areas.json
copying file ./Assets.car ... 
2017-10-25 07:23:09 +0000  6654632 bytes for ./Assets.car
copying file ./center1@2x.png ... 
2017-10-25 07:23:09 +0000  2381 bytes for ./center1@2x.png
copying file ./cities.json ... 
21509 bytes for ./cities.json
copying file ./ConnectViewController.nib ... 
3771 bytes for ./ConnectViewController.nib
copying file ./COPYING ... 
11357 bytes for ./COPYING
copying file ./embedded.mobileprovision ... 
11010 bytes for ./embedded.mobileprovision
copying file ./Emoji.plist ... 
3001 bytes for ./Emoji.plist
copying file ./en.lproj/Localizable.strings ... 
59 bytes for ./en.lproj/Localizable.strings
copying file ./en.lproj/RongCloudKit.strings ... 
8956 bytes for ./en.lproj/RongCloudKit.strings
copying file ./FyhNewProj ... 
2017-10-25 07:23:09 +0000  19819136 bytes for ./FyhNewProj
2017-10-25 07:23:10 +0000  copying file ./Info.plist ... 
3168 bytes for ./Info.plist
copying file ./IQKeyboardManager.bundle/de.lproj/IQKeyboardManager.strings ... 
489 bytes for ./IQKeyboardManager.bundle/de.lproj/IQKeyboardManager.strings
copying file ./IQKeyboardManager.bundle/en.lproj/IQKeyboardManager.strings ... 
474 bytes for ./IQKeyboardManager.bundle/en.lproj/IQKeyboardManager.strings
copying file ./IQKeyboardManager.bundle/es.lproj/IQKeyboardManager.strings ... 
496 bytes for ./IQKeyboardManager.bundle/es.lproj/IQKeyboardManager.strings
copying file ./IQKeyboardManager.bundle/fr.lproj/IQKeyboardManager.strings ... 
497 bytes for ./IQKeyboardManager.bundle/fr.lproj/IQKeyboardManager.strings
copying file ./IQKeyboardManager.bundle/IQButtonBarArrowLeft.png ... 
886 bytes for ./IQKeyboardManager.bundle/IQButtonBarArrowLeft.png
copying file ./IQKeyboardManager.bundle/IQButtonBarArrowLeft@2x.png ... 
1793 bytes for ./IQKeyboardManager.bundle/IQButtonBarArrowLeft@2x.png
copying file ./IQKeyboardManager.bundle/IQButtonBarArrowLeft@3x.png ... 
1815 bytes for ./IQKeyboardManager.bundle/IQButtonBarArrowLeft@3x.png
copying file ./IQKeyboardManager.bundle/IQButtonBarArrowRight.png ... 
943 bytes for ./IQKeyboardManager.bundle/IQButtonBarArrowRight.png
copying file ./IQKeyboardManager.bundle/IQButtonBarArrowRight@2x.png ... 
1786 bytes for ./IQKeyboardManager.bundle/IQButtonBarArrowRight@2x.png
copying file ./IQKeyboardManager.bundle/IQButtonBarArrowRight@3x.png ... 
1844 bytes for ./IQKeyboardManager.bundle/IQButtonBarArrowRight@3x.png
copying file ./IQKeyboardManager.bundle/zh-Hans/IQKeyboardManager.strings ... 
479 bytes for ./IQKeyboardManager.bundle/zh-Hans/IQKeyboardManager.strings
copying file ./IQKeyboardManager.bundle/zh-Hant/IQKeyboardManager.strings ... 
479 bytes for ./IQKeyboardManager.bundle/zh-Hant/IQKeyboardManager.strings
copying file ./LaunchImage-700-568h@2x.png ... 
51682 bytes for ./LaunchImage-700-568h@2x.png
copying file ./LaunchImage-700-Portrait@2x~ipad.png ... 
139070 bytes for ./LaunchImage-700-Portrait@2x~ipad.png
copying file ./LaunchImage-700-Portrait~ipad.png ... 
59542 bytes for ./LaunchImage-700-Portrait~ipad.png
copying file ./LaunchImage-700@2x.png ... 
51093 bytes for ./LaunchImage-700@2x.png
copying file ./LaunchImage-800-667h@2x.png ... 
60677 bytes for ./LaunchImage-800-667h@2x.png
copying file ./LaunchImage-800-Portrait-736h@3x.png ... 
110504 bytes for ./LaunchImage-800-Portrait-736h@3x.png
copying file ./MJRefresh.bundle/arrow@2x.png ... 
1033 bytes for ./MJRefresh.bundle/arrow@2x.png
copying file ./MJRefresh.bundle/en.lproj/Localizable.strings ... 
1372 bytes for ./MJRefresh.bundle/en.lproj/Localizable.strings
copying file ./MJRefresh.bundle/zh-Hans.lproj/Localizable.strings ... 
1194 bytes for ./MJRefresh.bundle/zh-Hans.lproj/Localizable.strings
copying file ./MJRefresh.bundle/zh-Hant.lproj/Localizable.strings ... 
773 bytes for ./MJRefresh.bundle/zh-Hant.lproj/Localizable.strings
copying file ./PkgInfo ... 
8 bytes for ./PkgInfo
copying file ./provinces.json ... 
1182 bytes for ./provinces.json
copying file ./qrcode_scan_btn_flash_down@2x.png ... 
1090 bytes for ./qrcode_scan_btn_flash_down@2x.png
copying file ./qrcode_scan_btn_flash_nor@2x.png ... 
1371 bytes for ./qrcode_scan_btn_flash_nor@2x.png
copying file ./qrcode_scan_btn_photo_down@2x.png ... 
1168 bytes for ./qrcode_scan_btn_photo_down@2x.png
copying file ./qrcode_scan_btn_photo_nor@2x.png ... 
1438 bytes for ./qrcode_scan_btn_photo_nor@2x.png
copying file ./qrcode_scan_light_green@2x.png ... 
1434 bytes for ./qrcode_scan_light_green@2x.png
copying file ./RCConfig.plist ... 
638 bytes for ./RCConfig.plist
copying file ./README.txt ... 
2143 bytes for ./README.txt
copying file ./richTextEditor.html ... 
3230 bytes for ./richTextEditor.html
copying file ./RongCloud.bundle/actionbar_camera_icon.png ... 
3315 bytes for ./RongCloud.bundle/actionbar_camera_icon.png
copying file ./RongCloud.bundle/actionbar_file_icon.png ... 
1983 bytes for ./RongCloud.bundle/actionbar_file_icon.png
copying file ./RongCloud.bundle/actionbar_location_icon.png ... 
3558 by
2017-10-25 07:23:10 +0000  tes for ./RongCloud.bundle/actionbar_location_icon.png
copying file ./RongCloud.bundle/actionbar_picture_icon.png ... 
2755 bytes for ./RongCloud.bundle/actionbar_picture_icon.png
copying file ./RongCloud.bundle/add.png ... 
1150 bytes for ./RongCloud.bundle/add.png
copying file ./RongCloud.bundle/add_hover.png ... 
2381 bytes for ./RongCloud.bundle/add_hover.png
copying file ./RongCloud.bundle/add_members@2x.png ... 
270 bytes for ./RongCloud.bundle/add_members@2x.png
copying file ./RongCloud.bundle/arrow.png ... 
1292 bytes for ./RongCloud.bundle/arrow.png
copying file ./RongCloud.bundle/audio_press_short@2x.png ... 
2573 bytes for ./RongCloud.bundle/audio_press_short@2x.png
copying file ./RongCloud.bundle/block_notification@2x.png ... 
1345 bytes for ./RongCloud.bundle/block_notification@2x.png
copying file ./RongCloud.bundle/blue.png ... 
1240 bytes for ./RongCloud.bundle/blue.png
copying file ./RongCloud.bundle/blue－hover.png ... 
1232 bytes for ./RongCloud.bundle/blue－hover.png
copying file ./RongCloud.bundle/broken@2x.png ... 
3369 bytes for ./RongCloud.bundle/broken@2x.png
copying file ./RongCloud.bundle/bubble.png ... 
2558 bytes for ./RongCloud.bundle/bubble.png
copying file ./RongCloud.bundle/cancelButton@2x.png ... 
505 bytes for ./RongCloud.bundle/cancelButton@2x.png
copying file ./RongCloud.bundle/chat_from_bg_normal@2x.png ... 
1942 bytes for ./RongCloud.bundle/chat_from_bg_normal@2x.png
copying file ./RongCloud.bundle/chat_from_imagebg_normal@2x.png ... 
597 bytes for ./RongCloud.bundle/chat_from_imagebg_normal@2x.png
copying file ./RongCloud.bundle/chat_setmode_add_btn_normal.png ... 
2387 bytes for ./RongCloud.bundle/chat_setmode_add_btn_normal.png
copying file ./RongCloud.bundle/chat_setmode_key_btn_normal.png ... 
2445 bytes for ./RongCloud.bundle/chat_setmode_key_btn_normal.png
copying file ./RongCloud.bundle/chat_setmode_voice_btn_normal.png ... 
3259 bytes for ./RongCloud.bundle/chat_setmode_voice_btn_normal.png
copying file ./RongCloud.bundle/chat_to_bg_normal@2x.png ... 
1934 bytes for ./RongCloud.bundle/chat_to_bg_normal@2x.png
copying file ./RongCloud.bundle/chat_to_bg_white@2x.png ... 
2067 bytes for ./RongCloud.bundle/chat_to_bg_white@2x.png
copying file ./RongCloud.bundle/chat_to_imagebg_normal@2x.png ... 
497 bytes for ./RongCloud.bundle/chat_to_imagebg_normal@2x.png
copying file ./RongCloud.bundle/chatting_biaoqing_btn_normal.png ... 
2890 bytes for ./RongCloud.bundle/chatting_biaoqing_btn_normal.png
copying file ./RongCloud.bundle/check.png ... 
1229 bytes for ./RongCloud.bundle/check.png
copying file ./RongCloud.bundle/close.png ... 
1371 bytes for ./RongCloud.bundle/close.png
copying file ./RongCloud.bundle/Comment.png ... 
2787 bytes for ./RongCloud.bundle/Comment.png
copying file ./RongCloud.bundle/cs_eva_complete@2x.png ... 
1573 bytes for ./RongCloud.bundle/cs_eva_complete@2x.png
copying file ./RongCloud.bundle/cs_eva_complete_hover@2x.png ... 
1571 bytes for ./RongCloud.bundle/cs_eva_complete_hover@2x.png
copying file ./RongCloud.bundle/cs_no@2x.png ... 
1523 bytes for ./RongCloud.bundle/cs_no@2x.png
copying file ./RongCloud.bundle/cs_yes@2x.png ... 
1516 bytes for ./RongCloud.bundle/cs_yes@2x.png
copying file ./RongCloud.bundle/cs_yes_hover@2x.png ... 
1312 bytes for ./RongCloud.bundle/cs_yes_hover@2x.png
copying file ./RongCloud.bundle/custom_service_evaluation_no.png ... 
2107 bytes for ./RongCloud.bundle/custom_service_evaluation_no.png
copying file ./RongCloud.bundle/custom_service_evaluation_no_hover.png ... 
1918 bytes for ./RongCloud.bundle/custom_service_evaluation_no_hover.png
copying file ./RongCloud.bundle/custom_service_evaluation_star.png ... 
2612 bytes for ./RongCloud.bundle/custom_service_evaluation_star.png
copying file ./RongCloud.bundle/custom_service_evaluation_star_hover.png ... 
1966 bytes for ./RongCloud.bundle/custom_service_evaluation_star_hover.png
copying file ./RongCloud.bundle/custom_service_evaluation_yes.png ... 
2067 bytes for ./RongCloud.bundle/custom_service_evaluation_yes.png
copying file ./RongCloud.bundle/custom_service_evaluation_yes_hover
2017-10-25 07:23:10 +0000  .png ... 
1861 bytes for ./RongCloud.bundle/custom_service_evaluation_yes_hover.png
copying file ./RongCloud.bundle/custom_service_switch_to_admin@2x.png ... 
3446 bytes for ./RongCloud.bundle/custom_service_switch_to_admin@2x.png
copying file ./RongCloud.bundle/custom_service_switch_to_admin_hover@2x.png ... 
3145 bytes for ./RongCloud.bundle/custom_service_switch_to_admin_hover@2x.png
copying file ./RongCloud.bundle/default_collection_portrait@2x.png ... 
3495 bytes for ./RongCloud.bundle/default_collection_portrait@2x.png
copying file ./RongCloud.bundle/default_collection_portrait@3x.png ... 
4897 bytes for ./RongCloud.bundle/default_collection_portrait@3x.png
copying file ./RongCloud.bundle/default_discussion_collection_portrait@2x.png ... 
2400 bytes for ./RongCloud.bundle/default_discussion_collection_portrait@2x.png
copying file ./RongCloud.bundle/default_discussion_collection_portrait@3x.png ... 
3245 bytes for ./RongCloud.bundle/default_discussion_collection_portrait@3x.png
copying file ./RongCloud.bundle/default_discussion_portrait@2x.png ... 
3437 bytes for ./RongCloud.bundle/default_discussion_portrait@2x.png
copying file ./RongCloud.bundle/default_discussion_portrait@3x.png ... 
3437 bytes for ./RongCloud.bundle/default_discussion_portrait@3x.png
copying file ./RongCloud.bundle/default_group_portrait@2x.png ... 
3472 bytes for ./RongCloud.bundle/default_group_portrait@2x.png
copying file ./RongCloud.bundle/default_group_portrait@3x.png ... 
4909 bytes for ./RongCloud.bundle/default_group_portrait@3x.png
copying file ./RongCloud.bundle/default_portrait@2x.png ... 
2661 bytes for ./RongCloud.bundle/default_portrait@2x.png
copying file ./RongCloud.bundle/default_portrait@3x.png ... 
3255 bytes for ./RongCloud.bundle/default_portrait@3x.png
copying file ./RongCloud.bundle/default_portrait_msg@2x.png ... 
2588 bytes for ./RongCloud.bundle/default_portrait_msg@2x.png
copying file ./RongCloud.bundle/default_portrait_msg@3x.png ... 
3245 bytes for ./RongCloud.bundle/default_portrait_msg@3x.png
copying file ./RongCloud.bundle/delete_member_tip@2x.png ... 
348 bytes for ./RongCloud.bundle/delete_member_tip@2x.png
copying file ./RongCloud.bundle/delete_members@2x.png ... 
226 bytes for ./RongCloud.bundle/delete_members@2x.png
copying file ./RongCloud.bundle/emoji_btn_delete@2x.png ... 
699 bytes for ./RongCloud.bundle/emoji_btn_delete@2x.png
copying file ./RongCloud.bundle/emoji_btn_normal.png ... 
1997 bytes for ./RongCloud.bundle/emoji_btn_normal.png
copying file ./RongCloud.bundle/emoji_hover.png ... 
2795 bytes for ./RongCloud.bundle/emoji_hover.png
copying file ./RongCloud.bundle/emoji_pagecontrol_normol@2x.png ... 
242 bytes for ./RongCloud.bundle/emoji_pagecontrol_normol@2x.png
copying file ./RongCloud.bundle/emoji_pagecontrol_selected@2x.png ... 
227 bytes for ./RongCloud.bundle/emoji_pagecontrol_selected@2x.png
copying file ./RongCloud.bundle/ExcelFile.png ... 
2852 bytes for ./RongCloud.bundle/ExcelFile.png
copying file ./RongCloud.bundle/exclamation@2x.png ... 
3890 bytes for ./RongCloud.bundle/exclamation@2x.png
copying file ./RongCloud.bundle/files_hover.png ... 
1846 bytes for ./RongCloud.bundle/files_hover.png
copying file ./RongCloud.bundle/folder.png ... 
1596 bytes for ./RongCloud.bundle/folder.png
copying file ./RongCloud.bundle/follow-hover.png ... 
2696 bytes for ./RongCloud.bundle/follow-hover.png
copying file ./RongCloud.bundle/follow.png ... 
2896 bytes for ./RongCloud.bundle/follow.png
copying file ./RongCloud.bundle/forwardIcon.png ... 
1535 bytes for ./RongCloud.bundle/forwardIcon.png
copying file ./RongCloud.bundle/from_voice.png ... 
1615 bytes for ./RongCloud.bundle/from_voice.png
copying file ./RongCloud.bundle/from_voice_1.png ... 
142 bytes for ./RongCloud.bundle/from_voice_1.png
copying file ./RongCloud.bundle/from_voice_2.png ... 
320 bytes for ./RongCloud.bundle/from_voice_2.png
copying file ./RongCloud.bundle/from_voice_3.png ... 
488 bytes for ./RongCloud.bundle/from_voice_3.png
copying file ./RongCloud.bundle/keyboard_hover.png ... 
2398 bytes for ./RongCloud.bundle/keyboard_hover
2017-10-25 07:23:10 +0000  .png
copying file ./RongCloud.bundle/map_annotation@2x.png ... 
7212 bytes for ./RongCloud.bundle/map_annotation@2x.png
copying file ./RongCloud.bundle/message_fail.png ... 
2033 bytes for ./RongCloud.bundle/message_fail.png
copying file ./RongCloud.bundle/message_read_status@2x.png ... 
1307 bytes for ./RongCloud.bundle/message_read_status@2x.png
copying file ./RongCloud.bundle/message_send_fail_status@2x.png ... 
1557 bytes for ./RongCloud.bundle/message_send_fail_status@2x.png
copying file ./RongCloud.bundle/Mp3File.png ... 
3070 bytes for ./RongCloud.bundle/Mp3File.png
copying file ./RongCloud.bundle/navigator_btn_back.png ... 
1317 bytes for ./RongCloud.bundle/navigator_btn_back.png
copying file ./RongCloud.bundle/network_fail.png ... 
1766 bytes for ./RongCloud.bundle/network_fail.png
copying file ./RongCloud.bundle/network_status_warning@2x.png ... 
621 bytes for ./RongCloud.bundle/network_status_warning@2x.png
copying file ./RongCloud.bundle/no_message_img@2x.png ... 
13148 bytes for ./RongCloud.bundle/no_message_img@2x.png
copying file ./RongCloud.bundle/noSolve-hover.png ... 
3142 bytes for ./RongCloud.bundle/noSolve-hover.png
copying file ./RongCloud.bundle/noSolve.png ... 
3294 bytes for ./RongCloud.bundle/noSolve.png
copying file ./RongCloud.bundle/OtherFile.png ... 
1753 bytes for ./RongCloud.bundle/OtherFile.png
copying file ./RongCloud.bundle/PdfFile.png ... 
3488 bytes for ./RongCloud.bundle/PdfFile.png
copying file ./RongCloud.bundle/photo_preview_selected.png ... 
1784 bytes for ./RongCloud.bundle/photo_preview_selected.png
copying file ./RongCloud.bundle/photo_preview_unselected.png ... 
1981 bytes for ./RongCloud.bundle/photo_preview_unselected.png
copying file ./RongCloud.bundle/photopicker_state_normal.png ... 
2148 bytes for ./RongCloud.bundle/photopicker_state_normal.png
copying file ./RongCloud.bundle/photopicker_state_selected.png ... 
1764 bytes for ./RongCloud.bundle/photopicker_state_selected.png
copying file ./RongCloud.bundle/PictureFile.png ... 
3036 bytes for ./RongCloud.bundle/PictureFile.png
copying file ./RongCloud.bundle/portrait_kefu@2x.png ... 
3196 bytes for ./RongCloud.bundle/portrait_kefu@2x.png
copying file ./RongCloud.bundle/press_for_audio.png ... 
1457 bytes for ./RongCloud.bundle/press_for_audio.png
copying file ./RongCloud.bundle/press_for_audio_down@2x.png ... 
1509 bytes for ./RongCloud.bundle/press_for_audio_down@2x.png
copying file ./RongCloud.bundle/pub_input.png ... 
1346 bytes for ./RongCloud.bundle/pub_input.png
copying file ./RongCloud.bundle/pub_menu.png ... 
1173 bytes for ./RongCloud.bundle/pub_menu.png
copying file ./RongCloud.bundle/public_serive_menu_icon@2x.png ... 
1042 bytes for ./RongCloud.bundle/public_serive_menu_icon@2x.png
copying file ./RongCloud.bundle/public_serive_menu_icon@3x.png ... 
1059 bytes for ./RongCloud.bundle/public_serive_menu_icon@3x.png
copying file ./RongCloud.bundle/public_service_submenu_bg@2x.png ... 
1975 bytes for ./RongCloud.bundle/public_service_submenu_bg@2x.png
copying file ./RongCloud.bundle/public_service_submenu_bg@3x.png ... 
2524 bytes for ./RongCloud.bundle/public_service_submenu_bg@3x.png
copying file ./RongCloud.bundle/rc_richcontentmsg_placeholder@2x.png ... 
4006 bytes for ./RongCloud.bundle/rc_richcontentmsg_placeholder@2x.png
copying file ./RongCloud.bundle/receipt.png ... 
1632 bytes for ./RongCloud.bundle/receipt.png
copying file ./RongCloud.bundle/receipt_hover.png ... 
1639 bytes for ./RongCloud.bundle/receipt_hover.png
copying file ./RongCloud.bundle/red_background@2x.png ... 
553 bytes for ./RongCloud.bundle/red_background@2x.png
copying file ./RongCloud.bundle/Resolved-hover.png ... 
2924 bytes for ./RongCloud.bundle/Resolved-hover.png
copying file ./RongCloud.bundle/Resolved.png ... 
3091 bytes for ./RongCloud.bundle/Resolved.png
copying file ./RongCloud.bundle/return.png ... 
1288 bytes for ./RongCloud.bundle/return.png
copying file ./RongCloud.bundle/selected_full.png ... 
1962 bytes for ./RongCloud.bundle/selected_full.png
copying file ./RongCloud.bundle/selectFile.png ... 
1837 bytes for ./RongCloud.
2017-10-25 07:23:10 +0000  bundle/selectFile.png
copying file ./RongCloud.bundle/sendMsg_failed_tip.png ... 
1657 bytes for ./RongCloud.bundle/sendMsg_failed_tip.png
copying file ./RongCloud.bundle/Settings.png ... 
1729 bytes for ./RongCloud.bundle/Settings.png
copying file ./RongCloud.bundle/sms-received.caf ... 
38528 bytes for ./RongCloud.bundle/sms-received.caf
copying file ./RongCloud.bundle/talk_hover.png ... 
3080 bytes for ./RongCloud.bundle/talk_hover.png
copying file ./RongCloud.bundle/TextFile.png ... 
2267 bytes for ./RongCloud.bundle/TextFile.png
copying file ./RongCloud.bundle/to_voice.png ... 
494 bytes for ./RongCloud.bundle/to_voice.png
copying file ./RongCloud.bundle/to_voice_1.png ... 
1065 bytes for ./RongCloud.bundle/to_voice_1.png
copying file ./RongCloud.bundle/to_voice_2.png ... 
1301 bytes for ./RongCloud.bundle/to_voice_2.png
copying file ./RongCloud.bundle/to_voice_3.png ... 
1647 bytes for ./RongCloud.bundle/to_voice_3.png
copying file ./RongCloud.bundle/unselect.png ... 
1961 bytes for ./RongCloud.bundle/unselect.png
copying file ./RongCloud.bundle/unselected_full.png ... 
1794 bytes for ./RongCloud.bundle/unselected_full.png
copying file ./RongCloud.bundle/up.png ... 
3268 bytes for ./RongCloud.bundle/up.png
copying file ./RongCloud.bundle/VideoFile.png ... 
3345 bytes for ./RongCloud.bundle/VideoFile.png
copying file ./RongCloud.bundle/voice_1.png ... 
1475 bytes for ./RongCloud.bundle/voice_1.png
copying file ./RongCloud.bundle/voice_2.png ... 
1490 bytes for ./RongCloud.bundle/voice_2.png
copying file ./RongCloud.bundle/voice_3.png ... 
1543 bytes for ./RongCloud.bundle/voice_3.png
copying file ./RongCloud.bundle/voice_4.png ... 
1558 bytes for ./RongCloud.bundle/voice_4.png
copying file ./RongCloud.bundle/voice_5.png ... 
1595 bytes for ./RongCloud.bundle/voice_5.png
copying file ./RongCloud.bundle/voice_6.png ... 
1622 bytes for ./RongCloud.bundle/voice_6.png
copying file ./RongCloud.bundle/voice_7.png ... 
1628 bytes for ./RongCloud.bundle/voice_7.png
copying file ./RongCloud.bundle/voice_8.png ... 
1642 bytes for ./RongCloud.bundle/voice_8.png
copying file ./RongCloud.bundle/voice_unread.png ... 
1183 bytes for ./RongCloud.bundle/voice_unread.png
copying file ./RongCloud.bundle/voice_volume0@2x.png ... 
1088 bytes for ./RongCloud.bundle/voice_volume0@2x.png
copying file ./RongCloud.bundle/voip/actionbar_audio_call_icon.png ... 
2808 bytes for ./RongCloud.bundle/voip/actionbar_audio_call_icon.png
copying file ./RongCloud.bundle/voip/actionbar_video_call_icon.png ... 
2227 bytes for ./RongCloud.bundle/voip/actionbar_video_call_icon.png
copying file ./RongCloud.bundle/voip/add@2x.png ... 
1823 bytes for ./RongCloud.bundle/voip/add@2x.png
copying file ./RongCloud.bundle/voip/answer@2x.png ... 
4161 bytes for ./RongCloud.bundle/voip/answer@2x.png
copying file ./RongCloud.bundle/voip/answer_hover@2x.png ... 
4184 bytes for ./RongCloud.bundle/voip/answer_hover@2x.png
copying file ./RongCloud.bundle/voip/audio@2x.png ... 
3060 bytes for ./RongCloud.bundle/voip/audio@2x.png
copying file ./RongCloud.bundle/voip/audio_min@2x.png ... 
2393 bytes for ./RongCloud.bundle/voip/audio_min@2x.png
copying file ./RongCloud.bundle/voip/audio_receiver_left@2x.png ... 
1612 bytes for ./RongCloud.bundle/voip/audio_receiver_left@2x.png
copying file ./RongCloud.bundle/voip/audio_receiver_right@2x.png ... 
1629 bytes for ./RongCloud.bundle/voip/audio_receiver_right@2x.png
copying file ./RongCloud.bundle/voip/audio_receiver_up_left@2x.png ... 
1516 bytes for ./RongCloud.bundle/voip/audio_receiver_up_left@2x.png
copying file ./RongCloud.bundle/voip/audio_receiver_up_right@2x.png ... 
1513 bytes for ./RongCloud.bundle/voip/audio_receiver_up_right@2x.png
copying file ./RongCloud.bundle/voip/camera@2x.png ... 
4710 bytes for ./RongCloud.bundle/voip/camera@2x.png
copying file ./RongCloud.bundle/voip/camera_hover@2x.png ... 
3842 bytes for ./RongCloud.bundle/voip/camera_hover@2x.png
copying file ./RongCloud.bundle/voip/change@2x.png ... 
1885 bytes for ./RongCloud.bundle/voip/change@2x.png
copying file ./RongCloud.bundle/voip/deselect@2x.png ..
2017-10-25 07:23:10 +0000  . 
475 bytes for ./RongCloud.bundle/voip/deselect@2x.png
copying file ./RongCloud.bundle/voip/handfree@2x.png ... 
4490 bytes for ./RongCloud.bundle/voip/handfree@2x.png
copying file ./RongCloud.bundle/voip/handfree_hover@2x.png ... 
3756 bytes for ./RongCloud.bundle/voip/handfree_hover@2x.png
copying file ./RongCloud.bundle/voip/hang_up@2x.png ... 
3658 bytes for ./RongCloud.bundle/voip/hang_up@2x.png
copying file ./RongCloud.bundle/voip/hang_up_hover@2x.png ... 
3842 bytes for ./RongCloud.bundle/voip/hang_up_hover@2x.png
copying file ./RongCloud.bundle/voip/minimize@2x.png ... 
1574 bytes for ./RongCloud.bundle/voip/minimize@2x.png
copying file ./RongCloud.bundle/voip/mute@2x.png ... 
4913 bytes for ./RongCloud.bundle/voip/mute@2x.png
copying file ./RongCloud.bundle/voip/mute_hover@2x.png ... 
4177 bytes for ./RongCloud.bundle/voip/mute_hover@2x.png
copying file ./RongCloud.bundle/voip/selected@2x.png ... 
466 bytes for ./RongCloud.bundle/voip/selected@2x.png
copying file ./RongCloud.bundle/voip/unselected@2x.png ... 
562 bytes for ./RongCloud.bundle/voip/unselected@2x.png
copying file ./RongCloud.bundle/voip/video@2x.png ... 
4002 bytes for ./RongCloud.bundle/voip/video@2x.png
copying file ./RongCloud.bundle/voip/video_hover@2x.png ... 
3171 bytes for ./RongCloud.bundle/voip/video_hover@2x.png
copying file ./RongCloud.bundle/voip/video_left@2x.png ... 
1290 bytes for ./RongCloud.bundle/voip/video_left@2x.png
copying file ./RongCloud.bundle/voip/video_min@2x.png ... 
1567 bytes for ./RongCloud.bundle/voip/video_min@2x.png
copying file ./RongCloud.bundle/voip/video_right@2x.png ... 
1288 bytes for ./RongCloud.bundle/voip/video_right@2x.png
copying file ./RongCloud.bundle/voip/voip_call.caf ... 
755200 bytes for ./RongCloud.bundle/voip/voip_call.caf
copying file ./RongCloud.bundle/voip/voip_call.mp3 ... 
108204 bytes for ./RongCloud.bundle/voip/voip_call.mp3
copying file ./RongCloud.bundle/voip/voip_calling_ring.mp3 ... 
118284 bytes for ./RongCloud.bundle/voip/voip_calling_ring.mp3
copying file ./RongCloud.bundle/voip/voip_connecting.png ... 
1050 bytes for ./RongCloud.bundle/voip/voip_connecting.png
copying file ./RongCloud.bundle/WordFile.png ... 
3189 bytes for ./RongCloud.bundle/WordFile.png
copying file ./TZImagePickerController.bundle/en.lproj/Localizable.strings ... 
2594 bytes for ./TZImagePickerController.bundle/en.lproj/Localizable.strings
copying file ./TZImagePickerController.bundle/MMVideoPreviewPlay@2x.png ... 
3645 bytes for ./TZImagePickerController.bundle/MMVideoPreviewPlay@2x.png
copying file ./TZImagePickerController.bundle/MMVideoPreviewPlayHL@2x.png ... 
3645 bytes for ./TZImagePickerController.bundle/MMVideoPreviewPlayHL@2x.png
copying file ./TZImagePickerController.bundle/navi_back@2x.png ... 
116 bytes for ./TZImagePickerController.bundle/navi_back@2x.png
copying file ./TZImagePickerController.bundle/photo_def_photoPickerVc@2x.png ... 
1155 bytes for ./TZImagePickerController.bundle/photo_def_photoPickerVc@2x.png
copying file ./TZImagePickerController.bundle/photo_def_previewVc@2x.png ... 
1155 bytes for ./TZImagePickerController.bundle/photo_def_previewVc@2x.png
copying file ./TZImagePickerController.bundle/photo_number_icon@2x.png ... 
501 bytes for ./TZImagePickerController.bundle/photo_number_icon@2x.png
copying file ./TZImagePickerController.bundle/photo_original_def@2x.png ... 
1602 bytes for ./TZImagePickerController.bundle/photo_original_def@2x.png
copying file ./TZImagePickerController.bundle/photo_original_sel@2x.png ... 
620 bytes for ./TZImagePickerController.bundle/photo_original_sel@2x.png
copying file ./TZImagePickerController.bundle/photo_sel_photoPickerVc@2x.png ... 
1006 bytes for ./TZImagePickerController.bundle/photo_sel_photoPickerVc@2x.png
copying file ./TZImagePickerController.bundle/photo_sel_previewVc@2x.png ... 
1183 bytes for ./TZImagePickerController.bundle/photo_sel_previewVc@2x.png
copying file ./TZImagePickerController.bundle/preview_number_icon@2x.png ... 
501 bytes for ./TZImagePickerController.bundle/preview_number_icon@2x.png
copying file ./TZImagePickerControll
2017-10-25 07:23:10 +0000  /usr/bin/ditto exited with 0
2017-10-25 07:23:10 +0000  er.bundle/preview_original_def@2x.png ... 
392 bytes for ./TZImagePickerController.bundle/preview_original_def@2x.png
copying file ./TZImagePickerController.bundle/Root.plist ... 
1456 bytes for ./TZImagePickerController.bundle/Root.plist
copying file ./TZImagePickerController.bundle/TableViewArrow@2x.png ... 
299 bytes for ./TZImagePickerController.bundle/TableViewArrow@2x.png
copying file ./TZImagePickerController.bundle/takePicture@2x.png ... 
5924 bytes for ./TZImagePickerController.bundle/takePicture@2x.png
copying file ./TZImagePickerController.bundle/VideoSendIcon@2x.png ... 
223 bytes for ./TZImagePickerController.bundle/VideoSendIcon@2x.png
copying file ./TZImagePickerController.bundle/zh-Hans.lproj/Localizable.strings ... 
1902 bytes for ./TZImagePickerController.bundle/zh-Hans.lproj/Localizable.strings
copying file ./UMSocialSDKPromptResources.bundle/en.lproj/UMSocialPromptLocalizable.strings ... 
8304 bytes for ./UMSocialSDKPromptResources.bundle/en.lproj/UMSocialPromptLocalizable.strings
copying file ./UMSocialSDKPromptResources.bundle/zh-Hans.lproj/UMSocialPromptLocalizable.strings ... 
8304 bytes for ./UMSocialSDKPromptResources.bundle/zh-Hans.lproj/UMSocialPromptLocalizable.strings
copying file ./UMSocialSDKResources.bundle/Buttons/UMS_add_friend_off@2x.png ... 
134 bytes for ./UMSocialSDKResources.bundle/Buttons/UMS_add_friend_off@2x.png
copying file ./UMSocialSDKResources.bundle/Buttons/UMS_delete_image_button_normal@2x.png ... 
891 bytes for ./UMSocialSDKResources.bundle/Buttons/UMS_delete_image_button_normal@2x.png
copying file ./UMSocialSDKResources.bundle/Buttons/UMS_nav_button_close@2x.png ... 
500 bytes for ./UMSocialSDKResources.bundle/Buttons/UMS_nav_button_close@2x.png
copying file ./UMSocialSDKResources.bundle/Buttons/UMS_nav_button_send@2x.png ... 
1624 bytes for ./UMSocialSDKResources.bundle/Buttons/UMS_nav_button_send@2x.png
copying file ./UMSocialSDKResources.bundle/Buttons/UMS_url_image@2x.png ... 
1562 bytes for ./UMSocialSDKResources.bundle/Buttons/UMS_url_image@2x.png
copying file ./UMSocialSDKResources.bundle/Buttons/UMS_url_music@2x.png ... 
1771 bytes for ./UMSocialSDKResources.bundle/Buttons/UMS_url_music@2x.png
copying file ./UMSocialSDKResources.bundle/Buttons/UMS_url_video@2x.png ... 
2062 bytes for ./UMSocialSDKResources.bundle/Buttons/UMS_url_video@2x.png
copying file ./UMSocialSDKResources.bundle/en.lproj/UMSocialLocalizable.strings ... 
6503 bytes for ./UMSocialSDKResources.bundle/en.lproj/UMSocialLocalizable.strings
copying file ./UMSocialSDKResources.bundle/UMSocialPlatformTheme/default/umsocial_alipay.png ... 
1370 bytes for ./UMSocialSDKResources.bundle/UMSocialPlatformTheme/default/umsocial_alipay.png
copying file ./UMSocialSDKResources.bundle/UMSocialPlatformTheme/default/umsocial_copy@2x.png ... 
2157 bytes for ./UMSocialSDKResources.bundle/UMSocialPlatformTheme/default/umsocial_copy@2x.png
copying file ./UMSocialSDKResources.bundle/UMSocialPlatformTheme/default/umsocial_copy@3x.png ... 
2866 bytes for ./UMSocialSDKResources.bundle/UMSocialPlatformTheme/default/umsocial_copy@3x.png
copying file ./UMSocialSDKResources.bundle/UMSocialPlatformTheme/default/umsocial_default.png ... 
4203 bytes for ./UMSocialSDKResources.bundle/UMSocialPlatformTheme/default/umsocial_default.png
copying file ./UMSocialSDKResources.bundle/UMSocialPlatformTheme/default/umsocial_dingding.png ... 
1390 bytes for ./UMSocialSDKResources.bundle/UMSocialPlatformTheme/default/umsocial_dingding.png
copying file ./UMSocialSDKResources.bundle/UMSocialPlatformTheme/default/umsocial_douban.png ... 
813 bytes for ./UMSocialSDKResources.bundle/UMSocialPlatformTheme/default/umsocial_douban.png
copying file ./UMSocialSDKResources.bundle/UMSocialPlatformTheme/default/umsocial_dropbox.png ... 
1692 bytes for ./UMSocialSDKResources.bundle/UMSocialPlatformTheme/default/umsocial_dropbox.png
copying file ./UMSocialSDKResources.bundle/UMSocialPlatformTheme/default/umsocial_email.png ... 
1211 bytes for ./UMSocialSDKResources.bundle/UMSocialPlatformTheme/default/umsocial_email.png
copying file ./UMSocialSDKResources
2017-10-25 07:23:10 +0000  Processing step: IDEDistributionEmbedProfileStep
2017-10-25 07:23:10 +0000  Processing step: IDEDistributionAppThinningPlistStep
2017-10-25 07:23:10 +0000  Skipping step: IDEDistributionAppThinningPlistStep because it said so
2017-10-25 07:23:10 +0000  Processing step: IDEDistributionCompileBitcodeStep
2017-10-25 07:23:10 +0000  Skipping step: IDEDistributionCompileBitcodeStep because it said so
2017-10-25 07:23:10 +0000  Processing step: IDEDistributionCodeSlimmingStep
2017-10-25 07:23:10 +0000  Processing step: IDEDistributionCopyBCSymbolMapsStep
2017-10-25 07:23:10 +0000  Skipping step: IDEDistributionCopyBCSymbolMapsStep because it said so
2017-10-25 07:23:10 +0000  Processing step: IDEDistributionSymbolsStep
2017-10-25 07:23:10 +0000  Skipping step: IDEDistributionSymbolsStep because it said so
2017-10-25 07:23:10 +0000  Processing step: IDEDistributionAppThinningStep
2017-10-25 07:23:10 +0000  Skipping step: IDEDistributionAppThinningStep because it said so
2017-10-25 07:23:10 +0000  Processing step: IDEDistributionODRStep
2017-10-25 07:23:10 +0000  Processing step: IDEDistributionStripXattrsStep
2017-10-25 07:23:10 +0000  Running /usr/bin/xattr '-cr' '/var/folders/j7/sy65rf2d7jsfb9sl2y70hq700000gn/T/XcodeDistPipeline.dZQ/Root/Payload/FyhNewProj.app'
2017-10-25 07:23:11 +0000  /usr/bin/xattr exited with 0
2017-10-25 07:23:11 +0000  Processing step: IDEDistributionCodesignStep
2017-10-25 07:23:11 +0000  Applying entitlements delta for <IDEDistributionItem: 0x7fe0b4e47fd0 'com.fyh88.fyhapp' '<DVTFilePath:0x7fe0d956bb10:'/Users/yhf/Library/Developer/Xcode/Archives/2017-10-25/FyhNewProj 2017-10-25 下午3.20.xcarchive/Products/Applications/FyhNewProj.app'>'> from <IDEiCloudEntitlementsProcessor: 0x7fe0b99f13d0>: {
}
2017-10-25 07:23:11 +0000  Entitlements for <IDEDistributionItem: 0x7fe0b4e47fd0 'com.fyh88.fyhapp' '<DVTFilePath:0x7fe0d956bb10:'/Users/yhf/Library/Developer/Xcode/Archives/2017-10-25/FyhNewProj 2017-10-25 下午3.20.xcarchive/Products/Applications/FyhNewProj.app'>'>: {
    "application-identifier" = "VKV9LL3GL2.com.fyh88.fyhapp";
    "aps-environment" = production;
    "com.apple.developer.team-identifier" = VKV9LL3GL2;
    "get-task-allow" = 0;
}
2017-10-25 07:23:11 +0000  Writing entitlements for <IDEDistributionItem: 0x7fe0b4e47fd0 'com.fyh88.fyhapp' '<DVTFilePath:0x7fe0d956bb10:'/Users/yhf/Library/Developer/Xcode/Archives/2017-10-25/FyhNewProj 2017-10-25 下午3.20.xcarchive/Products/Applications/FyhNewProj.app'>'> to: /var/folders/j7/sy65rf2d7jsfb9sl2y70hq700000gn/T/XcodeDistPipeline.dZQ/entitlementsj0Xpg6
2017-10-25 07:23:11 +0000  Running /usr/bin/codesign '-vvv' '--force' '--sign' 'C2632B73FE30A1474494015F869F31CFAC0F28FF' '--preserve-metadata=identifier,flags' '--entitlements' '/var/folders/j7/sy65rf2d7jsfb9sl2y70hq700000gn/T/XcodeDistPipeline.dZQ/entitlementsj0Xpg6' '/var/folders/j7/sy65rf2d7jsfb9sl2y70hq700000gn/T/XcodeDistPipeline.dZQ/Root/Payload/FyhNewProj.app'
2017-10-25 07:23:11 +0000  /var/folders/j7/sy65rf2d7jsfb9sl2y70hq700000gn/T/XcodeDistPipeline.dZQ/Root/Payload/FyhNewProj.app: replacing existing signature
2017-10-25 07:23:12 +0000  /var/folders/j7/sy65rf2d7jsfb9sl2y70hq700000gn/T/XcodeDistPipeline.dZQ/Root/Payload/FyhNewProj.app: signed app bundle with Mach-O universal (armv7 arm64) [com.fyh88.fyhapp]
2017-10-25 07:23:12 +0000  /usr/bin/codesign exited with 0
2017-10-25 07:23:12 +0000  Processing step: IDEDistributionStreamingZipItemStep
2017-10-25 07:23:12 +0000  Skipping step: IDEDistributionStreamingZipItemStep because it said so
2017-10-25 07:23:12 +0000  Processing step: IDEDistributionCreateIPAStep
2017-10-25 07:23:12 +0000  Running /usr/bin/ditto '-V' '-c' '-k' '--norsrc' '/var/folders/j7/sy65rf2d7jsfb9sl2y70hq700000gn/T/XcodeDistPipeline.dZQ/Root' '/var/folders/j7/sy65rf2d7jsfb9sl2y70hq700000gn/T/XcodeDistPipeline.dZQ/Packages/FyhNewProj.ipa'
2017-10-25 07:23:12 +0000  >>> Copying /var/folders/j7/sy65rf2d7jsfb9sl2y70hq700000gn/T/XcodeDistPipeline.dZQ/Root 
2017-10-25 07:23:12 +0000  copying file ./Payload/FyhNewProj.app/_CodeSignature/CodeResources ... 
2017-10-25 07:23:12 +0000  106910 bytes for ./Payload/FyhNewProj.app/_CodeSignature/CodeResources
2017-10-25 07:23:12 +0000  copying file ./Payload/FyhNewProj.app/AlipaySDK.bundle/bar@2x.png ... 
2017-10-25 07:23:12 +0000  1011 bytes for ./Payload/FyhNewProj.app/AlipaySDK.bundle/bar@2x.png
copying file ./Payload/FyhNewProj.app/AlipaySDK.bundle/refresh@2x.png ... 
605 bytes for ./Payload/FyhNewProj.app/AlipaySDK.bundle/refresh@2x.png
copying file ./Payload/FyhNewProj.app/AlipaySDK.bundle/refresh_click@2x.png ... 
2017-10-25 07:23:12 +0000  1824 bytes for ./Payload/FyhNewProj.app/AlipaySDK.bundle/refresh_click@2x.png
copying file ./Payload/FyhNewProj.app/AlipaySDK.bundle/shutdown@2x.png ... 
222 bytes for ./Payload/FyhNewProj.app/AlipaySDK.bundle/shutdown@2x.png
copying file ./Payload/FyhNewProj.app/AlipaySDK.bundle/shutdown_click@2x.png ... 
2017-10-25 07:23:12 +0000  1319 bytes for ./Payload/FyhNewProj.app/AlipaySDK.bundle/shutdown_click@2x.png
copying file ./Payload/FyhNewProj.app/AppIcon29x29@2x.png ... 
4598 bytes for ./Payload/FyhNewProj.app/AppIcon29x29@2x.png
copying file ./Payload/FyhNewProj.app/AppIcon29x29@2x~ipad.png ... 
2017-10-25 07:23:12 +0000  4610 bytes for ./Payload/FyhNewProj.app/AppIcon29x29@2x~ipad.png
copying file ./Payload/FyhNewProj.app/AppIcon29x29@3x.png ... 
2017-10-25 07:23:12 +0000  6001 bytes for ./Payload/FyhNewProj.app/AppIcon29x29@3x.png
copying file ./Payload/FyhNewProj.app/AppIcon29x29~ipad.png ... 
3576 bytes for ./Payload/FyhNewProj.app/AppIcon29x29~ipad.png
copying file ./Payload/FyhNewProj.app/AppIcon40x40@2x.png ... 
2017-10-25 07:23:12 +0000  5872 bytes for ./Payload/FyhNewProj.app/AppIcon40x40@2x.png
copying file ./Payload/FyhNewProj.app/AppIcon40x40@2x~ipad.png ... 
2017-10-25 07:23:12 +0000  5927 bytes for ./Payload/FyhNewProj.app/AppIcon40x40@2x~ipad.png
copying file ./Payload/FyhNewProj.app/AppIcon40x40@3x.png ... 
7553 bytes for ./Payload/FyhNewProj.app/AppIcon40x40@3x.png
copying file ./Payload/FyhNewProj.app/AppIcon40x40~ipad.png ... 
3969 bytes for ./Payload/FyhNewProj.app/AppIcon40x40~ipad.png
copying file ./Payload/FyhNewProj.app/AppIcon60x60@2x.png ... 
2017-10-25 07:23:12 +0000  7495 bytes for ./Payload/FyhNewProj.app/AppIcon60x60@2x.png
copying file ./Payload/FyhNewProj.app/AppIcon60x60@3x.png ... 
2017-10-25 07:23:12 +0000  10535 bytes for ./Payload/FyhNewProj.app/AppIcon60x60@3x.png
copying file ./Payload/FyhNewProj.app/AppIcon76x76@2x~ipad.png ... 
2017-10-25 07:23:12 +0000  9169 bytes for ./Payload/FyhNewProj.app/AppIcon76x76@2x~ipad.png
copying file ./Payload/FyhNewProj.app/AppIcon76x76~ipad.png ... 
2017-10-25 07:23:12 +0000  5514 bytes for ./Payload/FyhNewProj.app/AppIcon76x76~ipad.png
copying file ./Payload/FyhNewProj.app/AppIcon83.5x83.5@2x~ipad.png ... 
2017-10-25 07:23:12 +0000  9886 bytes for ./Payload/FyhNewProj.app/AppIcon83.5x83.5@2x~ipad.png
copying file ./Payload/FyhNewProj.app/archived-expanded-entitlements.xcent ... 
2017-10-25 07:23:12 +0000  246 bytes for ./Payload/FyhNewProj.app/archived-expanded-entitlements.xcent
copying file ./Payload/FyhNewProj.app/area.plist ... 
2017-10-25 07:23:12 +0000  43394 bytes for ./Payload/FyhNewProj.app/area.plist
copying file ./Payload/FyhNewProj.app/area_with_all.plist ... 
2017-10-25 07:23:12 +0000  43442 bytes for ./Payload/FyhNewProj.app/area_with_all.plist
copying file ./Payload/FyhNewProj.app/areas.json ... 
2017-10-25 07:23:12 +0000  190620 bytes for ./Payload/FyhNewProj.app/areas.json
copying file ./Payload/FyhNewProj.app/Assets.car ... 
2017-10-25 07:23:12 +0000  6654632 bytes for ./Payload/FyhNewProj.app/Assets.car
copying file ./Payload/FyhNewProj.app/center1@2x.png ... 
2017-10-25 07:23:12 +0000  2381 bytes for ./Payload/FyhNewProj.app/center1@2x.png
copying file ./Payload/FyhNewProj.app/cities.json ... 
2017-10-25 07:23:12 +0000  21509 bytes for ./Payload/FyhNewProj.app/cities.json
copying file ./Payload/FyhNewProj.app/ConnectViewController.nib ... 
2017-10-25 07:23:12 +0000  3771 bytes for ./Payload/FyhNewProj.app/ConnectViewController.nib
copying file ./Payload/FyhNewProj.app/COPYING ... 
11357 bytes for ./Payload/FyhNewProj.app/COPYING
copying file ./Payload/FyhNewProj.app/embedded.mobileprovision ... 
9018 bytes for ./Payload/FyhNewProj.app/embedded.mobileprovision
copying file ./Payload/FyhNewProj.app/Emoji.plist ... 
3001 bytes for ./Payload/FyhNewProj.app/Emoji.plist
copying file ./Payload/FyhNewProj.app/en.lproj/Localizable.strings ... 
59 bytes for ./Payload/FyhNewProj.app/en.lproj/Localizable.strings
copying file ./Payload/FyhNewProj.app/en.lproj/RongCloudKit.strings ... 
2017-10-25 07:23:12 +0000  8956 bytes for ./Payload/FyhNewProj.app/en.lproj/RongCloudKit.strings
2017-10-25 07:23:12 +0000  copying file ./Payload/FyhNewProj.app/FyhNewProj ... 
2017-10-25 07:23:13 +0000  19819152 bytes for ./Payload/FyhNewProj.app/FyhNewProj
copying file ./Payload/FyhNewProj.app/Info.plist ... 
2017-10-25 07:23:13 +0000  3168 bytes for ./Payload/FyhNewProj.app/Info.plist
copying file ./Payload/FyhNewProj.app/IQKeyboardManager.bundle/de.lproj/IQKeyboardManager.strings ... 
489 bytes for ./Payload/FyhNewProj.app/IQKeyboardManager.bundle/de.lproj/IQKeyboardManager.strings
copying file ./Payload/FyhNewProj.app/IQKeyboardManager.bundle/en.lproj/IQKeyboardManager.strings ... 
474 bytes for ./Payload/FyhNewProj.app/IQKeyboardManager.bundle/en.lproj/IQKeyboardManager.strings
copying file ./Payload/FyhNewProj.app/IQKeyboardManager.bundle/es.lproj/IQKeyboardManager.strings ... 
496 bytes for ./Payload/FyhNewProj.app/IQKeyboardManager.bundle/es.lproj/IQKeyboardManager.strings
copying file ./Payload/FyhNewProj.app/IQKeyboardManager.bundle/fr.lproj/IQKeyboardManager.strings ... 
497 bytes for ./Payload/FyhNewProj.app/IQKeyboardManager.bundle/fr.lproj/IQKeyboardManager.strings
copying file ./Payload/FyhNewProj.app/IQKeyboardManager.bundle/IQButtonBarArrowLeft.png ... 
886 bytes for ./Payload/FyhNewProj.app/IQKeyboardManager.bundle/IQButtonBarArrowLeft.png
copying file ./Payload/FyhNewProj.app/IQKeyboardManager.bundle/IQButtonBarArrowLeft@2x.png ... 
1793 bytes for ./Payload/FyhNewProj.app/IQKeyboardManager.bundle/IQButtonBarArrowLeft@2x.png
copying file ./Payload/FyhNewProj.app/IQKeyboardManager.bundle/IQButtonBarArrowLeft@3x.png ... 
1815 bytes for ./Payload/FyhNewProj.app/IQKeyboardManager.bundle/IQButtonBarArrowLeft@3x.png
copying file ./Payload/FyhNewProj.app/IQKeyboardManager.bundle/IQButtonBarArrowRight.png ... 
943 bytes for ./Payload/FyhNewProj.app/IQKeyboardManager.bundle/IQButtonBarArrowRight.png
copying file ./Payload/FyhNewProj.app/IQKeyboardManager.bundle/IQButtonBarArrowRight@2x.png ... 
1786 bytes for ./Payload/FyhNewProj.app/IQKeyboardManager.bundle/IQButtonBarArrowRight@2x.png
copying file ./Payload/FyhNewProj.app/IQKeyboardManager.bundle/IQButtonBarArrowRight@3x.png ... 
1844 bytes for ./Payload/FyhNewProj.app/IQKeyboardManager.bundle/IQButtonBarArrowRight@3x.png
copying file ./Payload/FyhNewProj.app/IQKeyboardManager.bundle/zh-Hans/IQKeyboardManager.strings ... 
479 bytes for ./Payload/FyhNewProj.app/IQKeyboardManager.bundle/zh-Hans/IQKeyboardManager.strings
copying file ./Payload/FyhNewProj.app/IQKeyboardManager.bundle/zh-Hant/IQKeyboardManager.strings ... 
479 bytes for ./Payload/FyhNewProj.app/IQKeyboardManager.bundle/zh-Hant/IQKeyboardManager.strings
copying file ./Payload/FyhNewProj.app/LaunchImage-700-568h@2x.png ... 
2017-10-25 07:23:13 +0000  51682 bytes for ./Payload/FyhNewProj.app/LaunchImage-700-568h@2x.png
copying file ./Payload/FyhNewProj.app/LaunchImage-700-Portrait@2x~ipad.png ... 
2017-10-25 07:23:13 +0000  139070 bytes for ./Payload/FyhNewProj.app/LaunchImage-700-Portrait@2x~ipad.png
copying file ./Payload/FyhNewProj.app/LaunchImage-700-Portrait~ipad.png ... 
2017-10-25 07:23:13 +0000  59542 bytes for ./Payload/FyhNewProj.app/LaunchImage-700-Portrait~ipad.png
copying file ./Payload/FyhNewProj.app/LaunchImage-700@2x.png ... 
2017-10-25 07:23:13 +0000  51093 bytes for ./Payload/FyhNewProj.app/LaunchImage-700@2x.png
copying file ./Payload/FyhNewProj.app/LaunchImage-800-667h@2x.png ... 
2017-10-25 07:23:13 +0000  60677 bytes for ./Payload/FyhNewProj.app/LaunchImage-800-667h@2x.png
copying file ./Payload/FyhNewProj.app/LaunchImage-800-Portrait-736h@3x.png ... 
2017-10-25 07:23:13 +0000  110504 bytes for ./Payload/FyhNewProj.app/LaunchImage-800-Portrait-736h@3x.png
2017-10-25 07:23:13 +0000  copying file ./Payload/FyhNewProj.app/MJRefresh.bundle/arrow@2x.png ... 
1033 bytes for ./Payload/FyhNewProj.app/MJRefresh.bundle/arrow@2x.png
copying file ./Payload/FyhNewProj.app/MJRefresh.bundle/en.lproj/Localizable.strings ... 
2017-10-25 07:23:13 +0000  1372 bytes for ./Payload/FyhNewProj.app/MJRefresh.bundle/en.lproj/Localizable.strings
copying file ./Payload/FyhNewProj.app/MJRefresh.bundle/zh-Hans.lproj/Localizable.strings ... 
1194 bytes for ./Payload/FyhNewProj.app/MJRefresh.bundle/zh-Hans.lproj/Localizable.strings
2017-10-25 07:23:13 +0000  copying file ./Payload/FyhNewProj.app/MJRefresh.bundle/zh-Hant.lproj/Localizable.strings ... 
773 bytes for ./Payload/FyhNewProj.app/MJRefresh.bundle/zh-Hant.lproj/Localizable.strings
copying file ./Payload/FyhNewProj.app/PkgInfo ... 
2017-10-25 07:23:13 +0000  8 bytes for ./Payload/FyhNewProj.app/PkgInfo
copying file ./Payload/FyhNewProj.app/provinces.json ... 
1182 bytes for ./Payload/FyhNewProj.app/provinces.json
copying file ./Payload/FyhNewProj.app/qrcode_scan_btn_flash_down@2x.png ... 
2017-10-25 07:23:13 +0000  1090 bytes for ./Payload/FyhNewProj.app/qrcode_scan_btn_flash_down@2x.png
copying file ./Payload/FyhNewProj.app/qrcode_scan_btn_flash_nor@2x.png ... 
2017-10-25 07:23:13 +0000  1371 bytes for ./Payload/FyhNewProj.app/qrcode_scan_btn_flash_nor@2x.png
copying file ./Payload/FyhNewProj.app/qrcode_scan_btn_photo_down@2x.png ... 
1168 bytes for ./Payload/FyhNewProj.app/qrcode_scan_btn_photo_down@2x.png
copying file ./Payload/FyhNewProj.app/qrcode_scan_btn_photo_nor@2x.png ... 
2017-10-25 07:23:13 +0000  1438 bytes for ./Payload/FyhNewProj.app/qrcode_scan_btn_photo_nor@2x.png
copying file ./Payload/FyhNewProj.app/qrcode_scan_light_green@2x.png ... 
1434 bytes for ./Payload/FyhNewProj.app/qrcode_scan_light_green@2x.png
2017-10-25 07:23:13 +0000  copying file ./Payload/FyhNewProj.app/RCConfig.plist ... 
638 bytes for ./Payload/FyhNewProj.app/RCConfig.plist
copying file ./Payload/FyhNewProj.app/README.txt ... 
2017-10-25 07:23:13 +0000  2143 bytes for ./Payload/FyhNewProj.app/README.txt
copying file ./Payload/FyhNewProj.app/richTextEditor.html ... 
3230 bytes for ./Payload/FyhNewProj.app/richTextEditor.html
copying file ./Payload/FyhNewProj.app/RongCloud.bundle/actionbar_camera_icon.png ... 
2017-10-25 07:23:13 +0000  3315 bytes for ./Payload/FyhNewProj.app/RongCloud.bundle/actionbar_camera_icon.png
copying file ./Payload/FyhNewProj.app/RongCloud.bundle/actionbar_file_icon.png ... 
2017-10-25 07:23:13 +0000  1983 bytes for ./Payload/FyhNewProj.app/RongCloud.bundle/actionbar_file_icon.png
copying file ./Payload/FyhNewProj.app/RongCloud.bundle/actionbar_location_icon.png ... 
2017-10-25 07:23:13 +0000  3558 bytes for ./Payload/FyhNewProj.app/RongCloud.bundle/actionbar_location_icon.png
copying file ./Payload/FyhNewProj.app/RongCloud.bundle/actionbar_picture_icon.png ... 
2017-10-25 07:23:13 +0000  2755 bytes for ./Payload/FyhNewProj.app/RongCloud.bundle/actionbar_picture_icon.png
copying file ./Payload/FyhNewProj.app/RongCloud.bundle/add.png ... 
1150 bytes for ./Payload/FyhNewProj.app/RongCloud.bundle/add.png
copying file ./Payload/FyhNewProj.app/RongCloud.bundle/add_hover.png ... 
2017-10-25 07:23:13 +0000  2381 bytes for ./Payload/FyhNewProj.app/RongCloud.bundle/add_hover.png
copying file ./Payload/FyhNewProj.app/RongCloud.bundle/add_members@2x.png ... 
270 bytes for ./Payload/FyhNewProj.app/RongCloud.bundle/add_members@2x.png
copying file ./Payload/FyhNewProj.app/RongCloud.bundle/arrow.png ... 
2017-10-25 07:23:13 +0000  1292 bytes for ./Payload/FyhNewProj.app/RongCloud.bundle/arrow.png
copying file ./Payload/FyhNewProj.app/RongCloud.bundle/audio_press_short@2x.png ... 
2017-10-25 07:23:13 +0000  2573 bytes for ./Payload/FyhNewProj.app/RongCloud.bundle/audio_press_short@2x.png
copying file ./Payload/FyhNewProj.app/RongCloud.bundle/block_notification@2x.png ... 
1345 bytes for ./Payload/FyhNewProj.app/RongCloud.bundle/block_notification@2x.png
copying file ./Payload/FyhNewProj.app/RongCloud.bundle/blue.png ... 
2017-10-25 07:23:13 +0000  1240 bytes for ./Payload/FyhNewProj.app/RongCloud.bundle/blue.png
copying file ./Payload/FyhNewProj.app/RongCloud.bundle/blue－hover.png ... 
1232 bytes for ./Payload/FyhNewProj.app/RongCloud.bundle/blue－hover.png
copying file ./Payload/FyhNewProj.app/RongCloud.bundle/broken@2x.png ... 
2017-10-25 07:23:13 +0000  3369 bytes for ./Payload/FyhNewProj.app/RongCloud.bundle/broken@2x.png
copying file ./Payload/FyhNewProj.app/RongCloud.bundle/bubble.png ... 
2017-10-25 07:23:13 +0000  2558 bytes for ./Payload/FyhNewProj.app/RongCloud.bundle/bubble.png
copying file ./Payload/FyhNewProj.app/RongCloud.bundle/cancelButton@2x.png ... 
505 bytes for ./Payload/FyhNewProj.app/RongCloud.bundle/cancelButton@2x.png
copying file ./Payload/FyhNewProj.app/RongCloud.bundle/chat_from_bg_normal@2x.png ... 
1942 bytes for ./Payload/FyhNewProj.app/RongCloud.bundle/chat_from_bg_normal@2x.png
copying file ./Payload/FyhNewProj.app/RongCloud.bundle/chat_from_imagebg_normal@2x.png ... 
597 bytes for ./Payload/FyhNewProj.app/RongCloud.bundle/chat_from_imagebg_normal@2x.png
copying file ./Payload/FyhNewProj.app/RongCloud.bundle/chat_setmode_add_btn_normal.png ... 
2387 bytes for ./Payload/FyhNewProj.app/RongCloud.bundle/chat_setmode_add_btn_normal.png
copying file ./Payload/FyhNewProj.app/RongCloud.bundle/chat_setmode_key_btn_normal.png ... 
2445 bytes for ./Payload/FyhNewProj.app/RongCloud.bundle/chat_setmode_key_btn_normal.png
copying file ./Payload/FyhNewProj.app/RongCloud.bundle/chat_setmode_voice_btn_normal.png ... 
2017-10-25 07:23:13 +0000  3259 bytes for ./Payload/FyhNewProj.app/RongCloud.bundle/chat_setmode_voice_btn_normal.png
copying file ./Payload/FyhNewProj.app/RongCloud.bundle/chat_to_bg_normal@2x.png ... 
1934 bytes for ./Payload/FyhNewProj.app/RongCloud.bundle/chat_to_bg_normal@2x.png
copying file ./Payload/FyhNewProj.app/RongCloud.bundle/chat_to_bg_white@2x.png ... 
2017-10-25 07:23:13 +0000  2067 bytes for ./Payload/FyhNewProj.app/RongCloud.bundle/chat_to_bg_white@2x.png
copying file ./Payload/FyhNewProj.app/RongCloud.bundle/chat_to_imagebg_normal@2x.png ... 
2017-10-25 07:23:13 +0000  497 bytes for ./Payload/FyhNewProj.app/RongCloud.bundle/chat_to_imagebg_normal@2x.png
copying file ./Payload/FyhNewProj.app/RongCloud.bundle/chatting_biaoqing_btn_normal.png ... 
2890 bytes for ./Payload/FyhNewProj.app/RongCloud.bundle/chatting_biaoqing_btn_normal.png
2017-10-25 07:23:13 +0000  copying file ./Payload/FyhNewProj.app/RongCloud.bundle/check.png ... 
1229 bytes for ./Payload/FyhNewProj.app/RongCloud.bundle/check.png
copying file ./Payload/FyhNewProj.app/RongCloud.bundle/close.png ... 
2017-10-25 07:23:13 +0000  1371 bytes for ./Payload/FyhNewProj.app/RongCloud.bundle/close.png
copying file ./Payload/FyhNewProj.app/RongCloud.bundle/Comment.png ... 
2787 bytes for ./Payload/FyhNewProj.app/RongCloud.bundle/Comment.png
copying file ./Payload/FyhNewProj.app/RongCloud.bundle/cs_eva_complete@2x.png ... 
2017-10-25 07:23:13 +0000  1573 bytes for ./Payload/FyhNewProj.app/RongCloud.bundle/cs_eva_complete@2x.png
copying file ./Payload/FyhNewProj.app/RongCloud.bundle/cs_eva_complete_hover@2x.png ... 
2017-10-25 07:23:13 +0000  1571 bytes for ./Payload/FyhNewProj.app/RongCloud.bundle/cs_eva_complete_hover@2x.png
copying file ./Payload/FyhNewProj.app/RongCloud.bundle/cs_no@2x.png ... 
1523 bytes for ./Payload/FyhNewProj.app/RongCloud.bundle/cs_no@2x.png
2017-10-25 07:23:13 +0000  copying file ./Payload/FyhNewProj.app/RongCloud.bundle/cs_yes@2x.png ... 
1516 bytes for ./Payload/FyhNewProj.app/RongCloud.bundle/cs_yes@2x.png
copying file ./Payload/FyhNewProj.app/RongCloud.bundle/cs_yes_hover@2x.png ... 
2017-10-25 07:23:13 +0000  1312 bytes for ./Payload/FyhNewProj.app/RongCloud.bundle/cs_yes_hover@2x.png
copying file ./Payload/FyhNewProj.app/RongCloud.bundle/custom_service_evaluation_no.png ... 
2107 bytes for ./Payload/FyhNewProj.app/RongCloud.bundle/custom_service_evaluation_no.png
copying file ./Payload/FyhNewProj.app/RongCloud.bundle/custom_service_evaluation_no_hover.png ... 
2017-10-25 07:23:13 +0000  1918 bytes for ./Payload/FyhNewProj.app/RongCloud.bundle/custom_service_evaluation_no_hover.png
copying file ./Payload/FyhNewProj.app/RongCloud.bundle/custom_service_evaluation_star.png ... 
2017-10-25 07:23:13 +0000  2612 bytes for ./Payload/FyhNewProj.app/RongCloud.bundle/custom_service_evaluation_star.png
copying file ./Payload/FyhNewProj.app/RongCloud.bundle/custom_service_evaluation_star_hover.png ... 
2017-10-25 07:23:13 +0000  1966 bytes for ./Payload/FyhNewProj.app/RongCloud.bundle/custom_service_evaluation_star_hover.png
copying file ./Payload/FyhNewProj.app/RongCloud.bundle/custom_service_evaluation_yes.png ... 
2067 bytes for ./Payload/FyhNewProj.app/RongCloud.bundle/custom_service_evaluation_yes.png
copying file ./Payload/FyhNewProj.app/RongCloud.bundle/custom_service_evaluation_yes_hover.png ... 
2017-10-25 07:23:13 +0000  1861 bytes for ./Payload/FyhNewProj.app/RongCloud.bundle/custom_service_evaluation_yes_hover.png
copying file ./Payload/FyhNewProj.app/RongCloud.bundle/custom_service_switch_to_admin@2x.png ... 
2017-10-25 07:23:13 +0000  3446 bytes for ./Payload/FyhNewProj.app/RongCloud.bundle/custom_service_switch_to_admin@2x.png
copying file ./Payload/FyhNewProj.app/RongCloud.bundle/custom_service_switch_to_admin_hover@2x.png ... 
2017-10-25 07:23:13 +0000  3145 bytes for ./Payload/FyhNewProj.app/RongCloud.bundle/custom_service_switch_to_admin_hover@2x.png
copying file ./Payload/FyhNewProj.app/RongCloud.bundle/default_collection_portrait@2x.png ... 
2017-10-25 07:23:13 +0000  3495 bytes for ./Payload/FyhNewProj.app/RongCloud.bundle/default_collection_portrait@2x.png
copying file ./Payload/FyhNewProj.app/RongCloud.bundle/default_collection_portrait@3x.png ... 
2017-10-25 07:23:13 +0000  4897 bytes for ./Payload/FyhNewProj.app/RongCloud.bundle/default_collection_portrait@3x.png
copying file ./Payload/FyhNewProj.app/RongCloud.bundle/default_discussion_collection_portrait@2x.png ... 
2017-10-25 07:23:13 +0000  2400 bytes for ./Payload/FyhNewProj.app/RongCloud.bundle/default_discussion_collection_portrait@2x.png
copying file ./Payload/FyhNewProj.app/RongCloud.bundle/default_discussion_collection_portrait@3x.png ... 
2017-10-25 07:23:13 +0000  3245 bytes for ./Payload/FyhNewProj.app/RongCloud.bundle/default_discussion_collection_portrait@3x.png
copying file ./Payload/FyhNewProj.app/RongCloud.bundle/default_discussion_portrait@2x.png ... 
2017-10-25 07:23:13 +0000  3437 bytes for ./Payload/FyhNewProj.app/RongCloud.bundle/default_discussion_portrait@2x.png
copying file ./Payload/FyhNewProj.app/RongCloud.bundle/default_discussion_portrait@3x.png ... 
2017-10-25 07:23:13 +0000  3437 bytes for ./Payload/FyhNewProj.app/RongCloud.bundle/default_discussion_portrait@3x.png
copying file ./Payload/FyhNewProj.app/RongCloud.bundle/default_group_portrait@2x.png ... 
2017-10-25 07:23:13 +0000  3472 bytes for ./Payload/FyhNewProj.app/RongCloud.bundle/default_group_portrait@2x.png
copying file ./Payload/FyhNewProj.app/RongCloud.bundle/default_group_portrait@3x.png ... 
2017-10-25 07:23:13 +0000  4909 bytes for ./Payload/FyhNewProj.app/RongCloud.bundle/default_group_portrait@3x.png
copying file ./Payload/FyhNewProj.app/RongCloud.bundle/default_portrait@2x.png ... 
2661 bytes for ./Payload/FyhNewProj.app/RongCloud.bundle/default_portrait@2x.png
copying file ./Payload/FyhNewProj.app/RongCloud.bundle/default_portrait@3x.png ... 
2017-10-25 07:23:13 +0000  3255 bytes for ./Payload/FyhNewProj.app/RongCloud.bundle/default_portrait@3x.png
copying file ./Payload/FyhNewProj.app/RongCloud.bundle/default_portrait_msg@2x.png ... 
2017-10-25 07:23:13 +0000  2588 bytes for ./Payload/FyhNewProj.app/RongCloud.bundle/default_portrait_msg@2x.png
copying file ./Payload/FyhNewProj.app/RongCloud.bundle/default_portrait_msg@3x.png ... 
2017-10-25 07:23:13 +0000  3245 bytes for ./Payload/FyhNewProj.app/RongCloud.bundle/default_portrait_msg@3x.png
copying file ./Payload/FyhNewProj.app/RongCloud.bundle/delete_member_tip@2x.png ... 
2017-10-25 07:23:13 +0000  348 bytes for ./Payload/FyhNewProj.app/RongCloud.bundle/delete_member_tip@2x.png
copying file ./Payload/FyhNewProj.app/RongCloud.bundle/delete_members@2x.png ... 
226 bytes for ./Payload/FyhNewProj.app/RongCloud.bundle/delete_members@2x.png
copying file ./Payload/FyhNewProj.app/RongCloud.bundle/emoji_btn_delete@2x.png ... 
2017-10-25 07:23:13 +0000  699 bytes for ./Payload/FyhNewProj.app/RongCloud.bundle/emoji_btn_delete@2x.png
copying file ./Payload/FyhNewProj.app/RongCloud.bundle/emoji_btn_normal.png ... 
2017-10-25 07:23:13 +0000  1997 bytes for ./Payload/FyhNewProj.app/RongCloud.bundle/emoji_btn_normal.png
copying file ./Payload/FyhNewProj.app/RongCloud.bundle/emoji_hover.png ... 
2017-10-25 07:23:13 +0000  2795 bytes for ./Payload/FyhNewProj.app/RongCloud.bundle/emoji_hover.png
copying file ./Payload/FyhNewProj.app/RongCloud.bundle/emoji_pagecontrol_normol@2x.png ... 
242 bytes for ./Payload/FyhNewProj.app/RongCloud.bundle/emoji_pagecontrol_normol@2x.png
copying file ./Payload/FyhNewProj.app/RongCloud.bundle/emoji_pagecontrol_selected@2x.png ... 
2017-10-25 07:23:13 +0000  227 bytes for ./Payload/FyhNewProj.app/RongCloud.bundle/emoji_pagecontrol_selected@2x.png
copying file ./Payload/FyhNewProj.app/RongCloud.bundle/ExcelFile.png ... 
2017-10-25 07:23:13 +0000  2852 bytes for ./Payload/FyhNewProj.app/RongCloud.bundle/ExcelFile.png
copying file ./Payload/FyhNewProj.app/RongCloud.bundle/exclamation@2x.png ... 
2017-10-25 07:23:13 +0000  3890 bytes for ./Payload/FyhNewProj.app/RongCloud.bundle/exclamation@2x.png
copying file ./Payload/FyhNewProj.app/RongCloud.bundle/files_hover.png ... 
2017-10-25 07:23:13 +0000  1846 bytes for ./Payload/FyhNewProj.app/RongCloud.bundle/files_hover.png
copying file ./Payload/FyhNewProj.app/RongCloud.bundle/folder.png ... 
1596 bytes for ./Payload/FyhNewProj.app/RongCloud.bundle/folder.png
copying file ./Payload/FyhNewProj.app/RongCloud.bundle/follow-hover.png ... 
2017-10-25 07:23:13 +0000  2696 bytes for ./Payload/FyhNewProj.app/RongCloud.bundle/follow-hover.png
copying file ./Payload/FyhNewProj.app/RongCloud.bundle/follow.png ... 
2017-10-25 07:23:13 +0000  2896 bytes for ./Payload/FyhNewProj.app/RongCloud.bundle/follow.png
copying file ./Payload/FyhNewProj.app/RongCloud.bundle/forwardIcon.png ... 
2017-10-25 07:23:13 +0000  1535 bytes for ./Payload/FyhNewProj.app/RongCloud.bundle/forwardIcon.png
copying file ./Payload/FyhNewProj.app/RongCloud.bundle/from_voice.png ... 
2017-10-25 07:23:13 +0000  1615 bytes for ./Payload/FyhNewProj.app/RongCloud.bundle/from_voice.png
copying file ./Payload/FyhNewProj.app/RongCloud.bundle/from_voice_1.png ... 
142 bytes for ./Payload/FyhNewProj.app/RongCloud.bundle/from_voice_1.png
copying file ./Payload/FyhNewProj.app/RongCloud.bundle/from_voice_2.png ... 
2017-10-25 07:23:13 +0000  320 bytes for ./Payload/FyhNewProj.app/RongCloud.bundle/from_voice_2.png
copying file ./Payload/FyhNewProj.app/RongCloud.bundle/from_voice_3.png ... 
488 bytes for ./Payload/FyhNewProj.app/RongCloud.bundle/from_voice_3.png
copying file ./Payload/FyhNewProj.app/RongCloud.bundle/keyboard_hover.png ... 
2017-10-25 07:23:13 +0000  2398 bytes for ./Payload/FyhNewProj.app/RongCloud.bundle/keyboard_hover.png
copying file ./Payload/FyhNewProj.app/RongCloud.bundle/map_annotation@2x.png ... 
2017-10-25 07:23:13 +0000  7212 bytes for ./Payload/FyhNewProj.app/RongCloud.bundle/map_annotation@2x.png
copying file ./Payload/FyhNewProj.app/RongCloud.bundle/message_fail.png ... 
2017-10-25 07:23:13 +0000  2033 bytes for ./Payload/FyhNewProj.app/RongCloud.bundle/message_fail.png
copying file ./Payload/FyhNewProj.app/RongCloud.bundle/message_read_status@2x.png ... 
2017-10-25 07:23:13 +0000  1307 bytes for ./Payload/FyhNewProj.app/RongCloud.bundle/message_read_status@2x.png
copying file ./Payload/FyhNewProj.app/RongCloud.bundle/message_send_fail_status@2x.png ... 
1557 bytes for ./Payload/FyhNewProj.app/RongCloud.bundle/message_send_fail_status@2x.png
copying file ./Payload/FyhNewProj.app/RongCloud.bundle/Mp3File.png ... 
2017-10-25 07:23:13 +0000  3070 bytes for ./Payload/FyhNewProj.app/RongCloud.bundle/Mp3File.png
copying file ./Payload/FyhNewProj.app/RongCloud.bundle/navigator_btn_back.png ... 
2017-10-25 07:23:13 +0000  1317 bytes for ./Payload/FyhNewProj.app/RongCloud.bundle/navigator_btn_back.png
copying file ./Payload/FyhNewProj.app/RongCloud.bundle/network_fail.png ... 
1766 bytes for ./Payload/FyhNewProj.app/RongCloud.bundle/network_fail.png
2017-10-25 07:23:13 +0000  copying file ./Payload/FyhNewProj.app/RongCloud.bundle/network_status_warning@2x.png ... 
621 bytes for ./Payload/FyhNewProj.app/RongCloud.bundle/network_status_warning@2x.png
copying file ./Payload/FyhNewProj.app/RongCloud.bundle/no_message_img@2x.png ... 
2017-10-25 07:23:13 +0000  13148 bytes for ./Payload/FyhNewProj.app/RongCloud.bundle/no_message_img@2x.png
copying file ./Payload/FyhNewProj.app/RongCloud.bundle/noSolve-hover.png ... 
2017-10-25 07:23:13 +0000  3142 bytes for ./Payload/FyhNewProj.app/RongCloud.bundle/noSolve-hover.png
copying file ./Payload/FyhNewProj.app/RongCloud.bundle/noSolve.png ... 
2017-10-25 07:23:13 +0000  3294 bytes for ./Payload/FyhNewProj.app/RongCloud.bundle/noSolve.png
copying file ./Payload/FyhNewProj.app/RongCloud.bundle/OtherFile.png ... 
2017-10-25 07:23:13 +0000  1753 bytes for ./Payload/FyhNewProj.app/RongCloud.bundle/OtherFile.png
copying file ./Payload/FyhNewProj.app/RongCloud.bundle/PdfFile.png ... 
2017-10-25 07:23:13 +0000  3488 bytes for ./Payload/FyhNewProj.app/RongCloud.bundle/PdfFile.png
copying file ./Payload/FyhNewProj.app/RongCloud.bundle/photo_preview_selected.png ... 
2017-10-25 07:23:13 +0000  1784 bytes for ./Payload/FyhNewProj.app/RongCloud.bundle/photo_preview_selected.png
copying file ./Payload/FyhNewProj.app/RongCloud.bundle/photo_preview_unselected.png ... 
2017-10-25 07:23:13 +0000  1981 bytes for ./Payload/FyhNewProj.app/RongCloud.bundle/photo_preview_unselected.png
copying file ./Payload/FyhNewProj.app/RongCloud.bundle/photopicker_state_normal.png ... 
2148 bytes for ./Payload/FyhNewProj.app/RongCloud.bundle/photopicker_state_normal.png
copying file ./Payload/FyhNewProj.app/RongCloud.bundle/photopicker_state_selected.png ... 
2017-10-25 07:23:13 +0000  1764 bytes for ./Payload/FyhNewProj.app/RongCloud.bundle/photopicker_state_selected.png
copying file ./Payload/FyhNewProj.app/RongCloud.bundle/PictureFile.png ... 
2017-10-25 07:23:13 +0000  3036 bytes for ./Payload/FyhNewProj.app/RongCloud.bundle/PictureFile.png
copying file ./Payload/FyhNewProj.app/RongCloud.bundle/portrait_kefu@2x.png ... 
2017-10-25 07:23:13 +0000  3196 bytes for ./Payload/FyhNewProj.app/RongCloud.bundle/portrait_kefu@2x.png
copying file ./Payload/FyhNewProj.app/RongCloud.bundle/press_for_audio.png ... 
1457 bytes for ./Payload/FyhNewProj.app/RongCloud.bundle/press_for_audio.png
copying file ./Payload/FyhNewProj.app/RongCloud.bundle/press_for_audio_down@2x.png ... 
2017-10-25 07:23:13 +0000  1509 bytes for ./Payload/FyhNewProj.app/RongCloud.bundle/press_for_audio_down@2x.png
copying file ./Payload/FyhNewProj.app/RongCloud.bundle/pub_input.png ... 
1346 bytes for ./Payload/FyhNewProj.app/RongCloud.bundle/pub_input.png
copying file ./Payload/FyhNewProj.app/RongCloud.bundle/pub_menu.png ... 
2017-10-25 07:23:13 +0000  1173 bytes for ./Payload/FyhNewProj.app/RongCloud.bundle/pub_menu.png
copying file ./Payload/FyhNewProj.app/RongCloud.bundle/public_serive_menu_icon@2x.png ... 
1042 bytes for ./Payload/FyhNewProj.app/RongCloud.bundle/public_serive_menu_icon@2x.png
copying file ./Payload/FyhNewProj.app/RongCloud.bundle/public_serive_menu_icon@3x.png ... 
2017-10-25 07:23:13 +0000  1059 bytes for ./Payload/FyhNewProj.app/RongCloud.bundle/public_serive_menu_icon@3x.png
copying file ./Payload/FyhNewProj.app/RongCloud.bundle/public_service_submenu_bg@2x.png ... 
1975 bytes for ./Payload/FyhNewProj.app/RongCloud.bundle/public_service_submenu_bg@2x.png
copying file ./Payload/FyhNewProj.app/RongCloud.bundle/public_service_submenu_bg@3x.png ... 
2524 bytes for ./Payload/FyhNewProj.app/RongCloud.bundle/public_service_submenu_bg@3x.png
copying file ./Payload/FyhNewProj.app/RongCloud.bundle/rc_richcontentmsg_placeholder@2x.png ... 
2017-10-25 07:23:13 +0000  4006 bytes for ./Payload/FyhNewProj.app/RongCloud.bundle/rc_richcontentmsg_placeholder@2x.png
copying file ./Payload/FyhNewProj.app/RongCloud.bundle/receipt.png ... 
1632 bytes for ./Payload/FyhNewProj.app/RongCloud.bundle/receipt.png
copying file ./Payload/FyhNewProj.app/RongCloud.bundle/receipt_hover.png ... 
2017-10-25 07:23:13 +0000  1639 bytes for ./Payload/FyhNewProj.app/RongCloud.bundle/receipt_hover.png
copying file ./Payload/FyhNewProj.app/RongCloud.bundle/red_background@2x.png ... 
553 bytes for ./Payload/FyhNewProj.app/RongCloud.bundle/red_background@2x.png
copying file ./Payload/FyhNewProj.app/RongCloud.bundle/Resolved-hover.png ... 
2017-10-25 07:23:13 +0000  2924 bytes for ./Payload/FyhNewProj.app/RongCloud.bundle/Resolved-hover.png
copying file ./Payload/FyhNewProj.app/RongCloud.bundle/Resolved.png ... 
2017-10-25 07:23:13 +0000  3091 bytes for ./Payload/FyhNewProj.app/RongCloud.bundle/Resolved.png
copying file ./Payload/FyhNewProj.app/RongCloud.bundle/return.png ... 
1288 bytes for ./Payload/FyhNewProj.app/RongCloud.bundle/return.png
copying file ./Payload/FyhNewProj.app/RongCloud.bundle/selected_full.png ... 
2017-10-25 07:23:13 +0000  1962 bytes for ./Payload/FyhNewProj.app/RongCloud.bundle/selected_full.png
copying file ./Payload/FyhNewProj.app/RongCloud.bundle/selectFile.png ... 
1837 bytes for ./Payload/FyhNewProj.app/RongCloud.bundle/selectFile.png
copying file ./Payload/FyhNewProj.app/RongCloud.bundle/sendMsg_failed_tip.png ... 
2017-10-25 07:23:13 +0000  1657 bytes for ./Payload/FyhNewProj.app/RongCloud.bundle/sendMsg_failed_tip.png
copying file ./Payload/FyhNewProj.app/RongCloud.bundle/Settings.png ... 
2017-10-25 07:23:13 +0000  1729 bytes for ./Payload/FyhNewProj.app/RongCloud.bundle/Settings.png
copying file ./Payload/FyhNewProj.app/RongCloud.bundle/sms-received.caf ... 
2017-10-25 07:23:13 +0000  38528 bytes for ./Payload/FyhNewProj.app/RongCloud.bundle/sms-received.caf
copying file ./Payload/FyhNewProj.app/RongCloud.bundle/talk_hover.png ... 
2017-10-25 07:23:13 +0000  3080 bytes for ./Payload/FyhNewProj.app/RongCloud.bundle/talk_hover.png
copying file ./Payload/FyhNewProj.app/RongCloud.bundle/TextFile.png ... 
2017-10-25 07:23:13 +0000  2267 bytes for ./Payload/FyhNewProj.app/RongCloud.bundle/TextFile.png
copying file ./Payload/FyhNewProj.app/RongCloud.bundle/to_voice.png ... 
494 bytes for ./Payload/FyhNewProj.app/RongCloud.bundle/to_voice.png
copying file ./Payload/FyhNewProj.app/RongCloud.bundle/to_voice_1.png ... 
2017-10-25 07:23:13 +0000  1065 bytes for ./Payload/FyhNewProj.app/RongCloud.bundle/to_voice_1.png
copying file ./Payload/FyhNewProj.app/RongCloud.bundle/to_voice_2.png ... 
1301 bytes for ./Payload/FyhNewProj.app/RongCloud.bundle/to_voice_2.png
copying file ./Payload/FyhNewProj.app/RongCloud.bundle/to_voice_3.png ... 
2017-10-25 07:23:13 +0000  1647 bytes for ./Payload/FyhNewProj.app/RongCloud.bundle/to_voice_3.png
copying file ./Payload/FyhNewProj.app/RongCloud.bundle/unselect.png ... 
2017-10-25 07:23:13 +0000  1961 bytes for ./Payload/FyhNewProj.app/RongCloud.bundle/unselect.png
copying file ./Payload/FyhNewProj.app/RongCloud.bundle/unselected_full.png ... 
1794 bytes for ./Payload/FyhNewProj.app/RongCloud.bundle/unselected_full.png
copying file ./Payload/FyhNewProj.app/RongCloud.bundle/up.png ... 
2017-10-25 07:23:13 +0000  3268 bytes for ./Payload/FyhNewProj.app/RongCloud.bundle/up.png
copying file ./Payload/FyhNewProj.app/RongCloud.bundle/VideoFile.png ... 
2017-10-25 07:23:13 +0000  3345 bytes for ./Payload/FyhNewProj.app/RongCloud.bundle/VideoFile.png
copying file ./Payload/FyhNewProj.app/RongCloud.bundle/voice_1.png ... 
2017-10-25 07:23:13 +0000  1475 bytes for ./Payload/FyhNewProj.app/RongCloud.bundle/voice_1.png
copying file ./Payload/FyhNewProj.app/RongCloud.bundle/voice_2.png ... 
1490 bytes for ./Payload/FyhNewProj.app/RongCloud.bundle/voice_2.png
copying file ./Payload/FyhNewProj.app/RongCloud.bundle/voice_3.png ... 
2017-10-25 07:23:13 +0000  1543 bytes for ./Payload/FyhNewProj.app/RongCloud.bundle/voice_3.png
copying file ./Payload/FyhNewProj.app/RongCloud.bundle/voice_4.png ... 
1558 bytes for ./Payload/FyhNewProj.app/RongCloud.bundle/voice_4.png
copying file ./Payload/FyhNewProj.app/RongCloud.bundle/voice_5.png ... 
2017-10-25 07:23:13 +0000  1595 bytes for ./Payload/FyhNewProj.app/RongCloud.bundle/voice_5.png
copying file ./Payload/FyhNewProj.app/RongCloud.bundle/voice_6.png ... 
2017-10-25 07:23:13 +0000  1622 bytes for ./Payload/FyhNewProj.app/RongCloud.bundle/voice_6.png
copying file ./Payload/FyhNewProj.app/RongCloud.bundle/voice_7.png ... 
1628 bytes for ./Payload/FyhNewProj.app/RongCloud.bundle/voice_7.png
copying file ./Payload/FyhNewProj.app/RongCloud.bundle/voice_8.png ... 
2017-10-25 07:23:13 +0000  1642 bytes for ./Payload/FyhNewProj.app/RongCloud.bundle/voice_8.png
copying file ./Payload/FyhNewProj.app/RongCloud.bundle/voice_unread.png ... 
1183 bytes for ./Payload/FyhNewProj.app/RongCloud.bundle/voice_unread.png
2017-10-25 07:23:13 +0000  copying file ./Payload/FyhNewProj.app/RongCloud.bundle/voice_volume0@2x.png ... 
1088 bytes for ./Payload/FyhNewProj.app/RongCloud.bundle/voice_volume0@2x.png
copying file ./Payload/FyhNewProj.app/RongCloud.bundle/voip/actionbar_audio_call_icon.png ... 
2017-10-25 07:23:13 +0000  2808 bytes for ./Payload/FyhNewProj.app/RongCloud.bundle/voip/actionbar_audio_call_icon.png
copying file ./Payload/FyhNewProj.app/RongCloud.bundle/voip/actionbar_video_call_icon.png ... 
2017-10-25 07:23:13 +0000  2227 bytes for ./Payload/FyhNewProj.app/RongCloud.bundle/voip/actionbar_video_call_icon.png
copying file ./Payload/FyhNewProj.app/RongCloud.bundle/voip/add@2x.png ... 
2017-10-25 07:23:13 +0000  1823 bytes for ./Payload/FyhNewProj.app/RongCloud.bundle/voip/add@2x.png
copying file ./Payload/FyhNewProj.app/RongCloud.bundle/voip/answer@2x.png ... 
2017-10-25 07:23:13 +0000  4161 bytes for ./Payload/FyhNewProj.app/RongCloud.bundle/voip/answer@2x.png
copying file ./Payload/FyhNewProj.app/RongCloud.bundle/voip/answer_hover@2x.png ... 
2017-10-25 07:23:13 +0000  4184 bytes for ./Payload/FyhNewProj.app/RongCloud.bundle/voip/answer_hover@2x.png
copying file ./Payload/FyhNewProj.app/RongCloud.bundle/voip/audio@2x.png ... 
2017-10-25 07:23:13 +0000  3060 bytes for ./Payload/FyhNewProj.app/RongCloud.bundle/voip/audio@2x.png
copying file ./Payload/FyhNewProj.app/RongCloud.bundle/voip/audio_min@2x.png ... 
2393 bytes for ./Payload/FyhNewProj.app/RongCloud.bundle/voip/audio_min@2x.png
2017-10-25 07:23:13 +0000  copying file ./Payload/FyhNewProj.app/RongCloud.bundle/voip/audio_receiver_left@2x.png ... 
1612 bytes for ./Payload/FyhNewProj.app/RongCloud.bundle/voip/audio_receiver_left@2x.png
copying file ./Payload/FyhNewProj.app/RongCloud.bundle/voip/audio_receiver_right@2x.png ... 
2017-10-25 07:23:13 +0000  1629 bytes for ./Payload/FyhNewProj.app/RongCloud.bundle/voip/audio_receiver_right@2x.png
copying file ./Payload/FyhNewProj.app/RongCloud.bundle/voip/audio_receiver_up_left@2x.png ... 
2017-10-25 07:23:13 +0000  1516 bytes for ./Payload/FyhNewProj.app/RongCloud.bundle/voip/audio_receiver_up_left@2x.png
copying file ./Payload/FyhNewProj.app/RongCloud.bundle/voip/audio_receiver_up_right@2x.png ... 
1513 bytes for ./Payload/FyhNewProj.app/RongCloud.bundle/voip/audio_receiver_up_right@2x.png
copying file ./Payload/FyhNewProj.app/RongCloud.bundle/voip/camera@2x.png ... 
2017-10-25 07:23:13 +0000  4710 bytes for ./Payload/FyhNewProj.app/RongCloud.bundle/voip/camera@2x.png
copying file ./Payload/FyhNewProj.app/RongCloud.bundle/voip/camera_hover@2x.png ... 
2017-10-25 07:23:13 +0000  3842 bytes for ./Payload/FyhNewProj.app/RongCloud.bundle/voip/camera_hover@2x.png
copying file ./Payload/FyhNewProj.app/RongCloud.bundle/voip/change@2x.png ... 
2017-10-25 07:23:13 +0000  1885 bytes for ./Payload/FyhNewProj.app/RongCloud.bundle/voip/change@2x.png
copying file ./Payload/FyhNewProj.app/RongCloud.bundle/voip/deselect@2x.png ... 
475 bytes for ./Payload/FyhNewProj.app/RongCloud.bundle/voip/deselect@2x.png
copying file ./Payload/FyhNewProj.app/RongCloud.bundle/voip/handfree@2x.png ... 
2017-10-25 07:23:13 +0000  4490 bytes for ./Payload/FyhNewProj.app/RongCloud.bundle/voip/handfree@2x.png
copying file ./Payload/FyhNewProj.app/RongCloud.bundle/voip/handfree_hover@2x.png ... 
2017-10-25 07:23:13 +0000  3756 bytes for ./Payload/FyhNewProj.app/RongCloud.bundle/voip/handfree_hover@2x.png
copying file ./Payload/FyhNewProj.app/RongCloud.bundle/voip/hang_up@2x.png ... 
2017-10-25 07:23:13 +0000  3658 bytes for ./Payload/FyhNewProj.app/RongCloud.bundle/voip/hang_up@2x.png
copying file ./Payload/FyhNewProj.app/RongCloud.bundle/voip/hang_up_hover@2x.png ... 
2017-10-25 07:23:13 +0000  3842 bytes for ./Payload/FyhNewProj.app/RongCloud.bundle/voip/hang_up_hover@2x.png
copying file ./Payload/FyhNewProj.app/RongCloud.bundle/voip/minimize@2x.png ... 
1574 bytes for ./Payload/FyhNewProj.app/RongCloud.bundle/voip/minimize@2x.png
copying file ./Payload/FyhNewProj.app/RongCloud.bundle/voip/mute@2x.png ... 
2017-10-25 07:23:13 +0000  4913 bytes for ./Payload/FyhNewProj.app/RongCloud.bundle/voip/mute@2x.png
copying file ./Payload/FyhNewProj.app/RongCloud.bundle/voip/mute_hover@2x.png ... 
2017-10-25 07:23:13 +0000  4177 bytes for ./Payload/FyhNewProj.app/RongCloud.bundle/voip/mute_hover@2x.png
copying file ./Payload/FyhNewProj.app/RongCloud.bundle/voip/selected@2x.png ... 
466 bytes for ./Payload/FyhNewProj.app/RongCloud.bundle/voip/selected@2x.png
2017-10-25 07:23:13 +0000  copying file ./Payload/FyhNewProj.app/RongCloud.bundle/voip/unselected@2x.png ... 
562 bytes for ./Payload/FyhNewProj.app/RongCloud.bundle/voip/unselected@2x.png
copying file ./Payload/FyhNewProj.app/RongCloud.bundle/voip/video@2x.png ... 
4002 bytes for ./Payload/FyhNewProj.app/RongCloud.bundle/voip/video@2x.png
copying file ./Payload/FyhNewProj.app/RongCloud.bundle/voip/video_hover@2x.png ... 
3171 bytes for ./Payload/FyhNewProj.app/RongCloud.bundle/voip/video_hover@2x.png
copying file ./Payload/FyhNewProj.app/RongCloud.bundle/voip/video_left@2x.png ... 
1290 bytes for ./Payload/FyhNewProj.app/RongCloud.bundle/voip/video_left@2x.png
copying file ./Payload/FyhNewProj.app/RongCloud.bundle/voip/video_min@2x.png ... 
2017-10-25 07:23:13 +0000  1567 bytes for ./Payload/FyhNewProj.app/RongCloud.bundle/voip/video_min@2x.png
copying file ./Payload/FyhNewProj.app/RongCloud.bundle/voip/video_right@2x.png ... 
1288 bytes for ./Payload/FyhNewProj.app/RongCloud.bundle/voip/video_right@2x.png
copying file ./Payload/FyhNewProj.app/RongCloud.bundle/voip/voip_call.caf ... 
2017-10-25 07:23:13 +0000  755200 bytes for ./Payload/FyhNewProj.app/RongCloud.bundle/voip/voip_call.caf
copying file ./Payload/FyhNewProj.app/RongCloud.bundle/voip/voip_call.mp3 ... 
2017-10-25 07:23:13 +0000  108204 bytes for ./Payload/FyhNewProj.app/RongCloud.bundle/voip/voip_call.mp3
copying file ./Payload/FyhNewProj.app/RongCloud.bundle/voip/voip_calling_ring.mp3 ... 
2017-10-25 07:23:13 +0000  118284 bytes for ./Payload/FyhNewProj.app/RongCloud.bundle/voip/voip_calling_ring.mp3
copying file ./Payload/FyhNewProj.app/RongCloud.bundle/voip/voip_connecting.png ... 
2017-10-25 07:23:13 +0000  1050 bytes for ./Payload/FyhNewProj.app/RongCloud.bundle/voip/voip_connecting.png
copying file ./Payload/FyhNewProj.app/RongCloud.bundle/WordFile.png ... 
2017-10-25 07:23:13 +0000  3189 bytes for ./Payload/FyhNewProj.app/RongCloud.bundle/WordFile.png
copying file ./Payload/FyhNewProj.app/TZImagePickerController.bundle/en.lproj/Localizable.strings ... 
2017-10-25 07:23:13 +0000  2594 bytes for ./Payload/FyhNewProj.app/TZImagePickerController.bundle/en.lproj/Localizable.strings
copying file ./Payload/FyhNewProj.app/TZImagePickerController.bundle/MMVideoPreviewPlay@2x.png ... 
3645 bytes for ./Payload/FyhNewProj.app/TZImagePickerController.bundle/MMVideoPreviewPlay@2x.png
copying file ./Payload/FyhNewProj.app/TZImagePickerController.bundle/MMVideoPreviewPlayHL@2x.png ... 
2017-10-25 07:23:13 +0000  3645 bytes for ./Payload/FyhNewProj.app/TZImagePickerController.bundle/MMVideoPreviewPlayHL@2x.png
copying file ./Payload/FyhNewProj.app/TZImagePickerController.bundle/navi_back@2x.png ... 
116 bytes for ./Payload/FyhNewProj.app/TZImagePickerController.bundle/navi_back@2x.png
copying file ./Payload/FyhNewProj.app/TZImagePickerController.bundle/photo_def_photoPickerVc@2x.png ... 
2017-10-25 07:23:13 +0000  1155 bytes for ./Payload/FyhNewProj.app/TZImagePickerController.bundle/photo_def_photoPickerVc@2x.png
copying file ./Payload/FyhNewProj.app/TZImagePickerController.bundle/photo_def_previewVc@2x.png ... 
2017-10-25 07:23:13 +0000  1155 bytes for ./Payload/FyhNewProj.app/TZImagePickerController.bundle/photo_def_previewVc@2x.png
copying file ./Payload/FyhNewProj.app/TZImagePickerController.bundle/photo_number_icon@2x.png ... 
501 bytes for ./Payload/FyhNewProj.app/TZImagePickerController.bundle/photo_number_icon@2x.png
copying file ./Payload/FyhNewProj.app/TZImagePickerController.bundle/photo_original_def@2x.png ... 
2017-10-25 07:23:13 +0000  1602 bytes for ./Payload/FyhNewProj.app/TZImagePickerController.bundle/photo_original_def@2x.png
copying file ./Payload/FyhNewProj.app/TZImagePickerController.bundle/photo_original_sel@2x.png ... 
620 bytes for ./Payload/FyhNewProj.app/TZImagePickerController.bundle/photo_original_sel@2x.png
copying file ./Payload/FyhNewProj.app/TZImagePickerController.bundle/photo_sel_photoPickerVc@2x.png ... 
2017-10-25 07:23:13 +0000  1006 bytes for ./Payload/FyhNewProj.app/TZImagePickerController.bundle/photo_sel_photoPickerVc@2x.png
copying file ./Payload/FyhNewProj.app/TZImagePickerController.bundle/photo_sel_previewVc@2x.png ... 
1183 bytes for ./Payload/FyhNewProj.app/TZImagePickerController.bundle/photo_sel_previewVc@2x.png
copying file ./Payload/FyhNewProj.app/TZImagePickerController.bundle/preview_number_icon@2x.png ... 
501 bytes for ./Payload/FyhNewProj.app/TZImagePickerController.bundle/preview_number_icon@2x.png
copying file ./Payload/FyhNewProj.app/TZImagePickerController.bundle/preview_original_def@2x.png ... 
2017-10-25 07:23:13 +0000  392 bytes for ./Payload/FyhNewProj.app/TZImagePickerController.bundle/preview_original_def@2x.png
copying file ./Payload/FyhNewProj.app/TZImagePickerController.bundle/Root.plist ... 
1456 bytes for ./Payload/FyhNewProj.app/TZImagePickerController.bundle/Root.plist
copying file ./Payload/FyhNewProj.app/TZImagePickerController.bundle/TableViewArrow@2x.png ... 
2017-10-25 07:23:13 +0000  299 bytes for ./Payload/FyhNewProj.app/TZImagePickerController.bundle/TableViewArrow@2x.png
copying file ./Payload/FyhNewProj.app/TZImagePickerController.bundle/takePicture@2x.png ... 
2017-10-25 07:23:13 +0000  5924 bytes for ./Payload/FyhNewProj.app/TZImagePickerController.bundle/takePicture@2x.png
copying file ./Payload/FyhNewProj.app/TZImagePickerController.bundle/VideoSendIcon@2x.png ... 
223 bytes for ./Payload/FyhNewProj.app/TZImagePickerController.bundle/VideoSendIcon@2x.png
copying file ./Payload/FyhNewProj.app/TZImagePickerController.bundle/zh-Hans.lproj/Localizable.strings ... 
2017-10-25 07:23:13 +0000  1902 bytes for ./Payload/FyhNewProj.app/TZImagePickerController.bundle/zh-Hans.lproj/Localizable.strings
copying file ./Payload/FyhNewProj.app/UMSocialSDKPromptResources.bundle/en.lproj/UMSocialPromptLocalizable.strings ... 
2017-10-25 07:23:13 +0000  8304 bytes for ./Payload/FyhNewProj.app/UMSocialSDKPromptResources.bundle/en.lproj/UMSocialPromptLocalizable.strings
copying file ./Payload/FyhNewProj.app/UMSocialSDKPromptResources.bundle/zh-Hans.lproj/UMSocialPromptLocalizable.strings ... 
2017-10-25 07:23:13 +0000  8304 bytes for ./Payload/FyhNewProj.app/UMSocialSDKPromptResources.bundle/zh-Hans.lproj/UMSocialPromptLocalizable.strings
copying file ./Payload/FyhNewProj.app/UMSocialSDKResources.bundle/Buttons/UMS_add_friend_off@2x.png ... 
2017-10-25 07:23:13 +0000  134 bytes for ./Payload/FyhNewProj.app/UMSocialSDKResources.bundle/Buttons/UMS_add_friend_off@2x.png
copying file ./Payload/FyhNewProj.app/UMSocialSDKResources.bundle/Buttons/UMS_delete_image_button_normal@2x.png ... 
891 bytes for ./Payload/FyhNewProj.app/UMSocialSDKResources.bundle/Buttons/UMS_delete_image_button_normal@2x.png
copying file ./Payload/FyhNewProj.app/UMSocialSDKResources.bundle/Buttons/UMS_nav_button_close@2x.png ... 
2017-10-25 07:23:13 +0000  500 bytes for ./Payload/FyhNewProj.app/UMSocialSDKResources.bundle/Buttons/UMS_nav_button_close@2x.png
copying file ./Payload/FyhNewProj.app/UMSocialSDKResources.bundle/Buttons/UMS_nav_button_send@2x.png ... 
1624 bytes for ./Payload/FyhNewProj.app/UMSocialSDKResources.bundle/Buttons/UMS_nav_button_send@2x.png
copying file ./Payload/FyhNewProj.app/UMSocialSDKResources.bundle/Buttons/UMS_url_image@2x.png ... 
2017-10-25 07:23:13 +0000  1562 bytes for ./Payload/FyhNewProj.app/UMSocialSDKResources.bundle/Buttons/UMS_url_image@2x.png
copying file ./Payload/FyhNewProj.app/UMSocialSDKResources.bundle/Buttons/UMS_url_music@2x.png ... 
2017-10-25 07:23:13 +0000  1771 bytes for ./Payload/FyhNewProj.app/UMSocialSDKResources.bundle/Buttons/UMS_url_music@2x.png
copying file ./Payload/FyhNewProj.app/UMSocialSDKResources.bundle/Buttons/UMS_url_video@2x.png ... 
2062 bytes for ./Payload/FyhNewProj.app/UMSocialSDKResources.bundle/Buttons/UMS_url_video@2x.png
2017-10-25 07:23:13 +0000  copying file ./Payload/FyhNewProj.app/UMSocialSDKResources.bundle/en.lproj/UMSocialLocalizable.strings ... 
2017-10-25 07:23:13 +0000  6503 bytes for ./Payload/FyhNewProj.app/UMSocialSDKResources.bundle/en.lproj/UMSocialLocalizable.strings
copying file ./Payload/FyhNewProj.app/UMSocialSDKResources.bundle/UMSocialPlatformTheme/default/umsocial_alipay.png ... 
2017-10-25 07:23:13 +0000  1370 bytes for ./Payload/FyhNewProj.app/UMSocialSDKResources.bundle/UMSocialPlatformTheme/default/umsocial_alipay.png
copying file ./Payload/FyhNewProj.app/UMSocialSDKResources.bundle/UMSocialPlatformTheme/default/umsocial_copy@2x.png ... 
2017-10-25 07:23:13 +0000  2157 bytes for ./Payload/FyhNewProj.app/UMSocialSDKResources.bundle/UMSocialPlatformTheme/default/umsocial_copy@2x.png
copying file ./Payload/FyhNewProj.app/UMSocialSDKResources.bundle/UMSocialPlatformTheme/default/umsocial_copy@3x.png ... 
2017-10-25 07:23:13 +0000  2866 bytes for ./Payload/FyhNewProj.app/UMSocialSDKResources.bundle/UMSocialPlatformTheme/default/umsocial_copy@3x.png
copying file ./Payload/FyhNewProj.app/UMSocialSDKResources.bundle/UMSocialPlatformTheme/default/umsocial_default.png ... 
2017-10-25 07:23:13 +0000  4203 bytes for ./Payload/FyhNewProj.app/UMSocialSDKResources.bundle/UMSocialPlatformTheme/default/umsocial_default.png
copying file ./Payload/FyhNewProj.app/UMSocialSDKResources.bundle/UMSocialPlatformTheme/default/umsocial_dingding.png ... 
2017-10-25 07:23:13 +0000  1390 bytes for ./Payload/FyhNewProj.app/UMSocialSDKResources.bundle/UMSocialPlatformTheme/default/umsocial_dingding.png
copying file ./Payload/FyhNewProj.app/UMSocialSDKResources.bundle/UMSocialPlatformTheme/default/umsocial_douban.png ... 
2017-10-25 07:23:13 +0000  813 bytes for ./Payload/FyhNewProj.app/UMSocialSDKResources.bundle/UMSocialPlatformTheme/default/umsocial_douban.png
copying file ./Payload/FyhNewProj.app/UMSocialSDKResources.bundle/UMSocialPlatformTheme/default/umsocial_dropbox.png ... 
1692 bytes for ./Payload/FyhNewProj.app/UMSocialSDKResources.bundle/UMSocialPlatformTheme/default/umsocial_dropbox.png
copying file ./Payload/FyhNewProj.app/UMSocialSDKResources.bundle/UMSocialPlatformTheme/default/umsocial_email.png ... 
2017-10-25 07:23:13 +0000  1211 bytes for ./Payload/FyhNewProj.app/UMSocialSDKResources.bundle/UMSocialPlatformTheme/default/umsocial_email.png
copying file ./Payload/FyhNewProj.app/UMSocialSDKResources.bundle/UMSocialPlatformTheme/default/umsocial_evernote.png ... 
2017-10-25 07:23:13 +0000  1267 bytes for ./Payload/FyhNewProj.app/UMSocialSDKResources.bundle/UMSocialPlatformTheme/default/umsocial_evernote.png
copying file ./Payload/FyhNewProj.app/UMSocialSDKResources.bundle/UMSocialPlatformTheme/default/umsocial_facebook.png ... 
2017-10-25 07:23:13 +0000  1468 bytes for ./Payload/FyhNewProj.app/UMSocialSDKResources.bundle/UMSocialPlatformTheme/default/umsocial_facebook.png
copying file ./Payload/FyhNewProj.app/UMSocialSDKResources.bundle/UMSocialPlatformTheme/default/umsocial_facebookmessenger.png ... 
1749 bytes for ./Payload/FyhNewProj.app/UMSocialSDKResources.bundle/UMSocialPlatformTheme/default/umsocial_facebookmessenger.png
copying file ./Payload/FyhNewProj.app/UMSocialSDKResources.bundle/UMSocialPlatformTheme/default/umsocial_flickr.png ... 
2017-10-25 07:23:13 +0000  979 bytes for ./Payload/FyhNewProj.app/UMSocialSDKResources.bundle/UMSocialPlatformTheme/default/umsocial_flickr.png
copying file ./Payload/FyhNewProj.app/UMSocialSDKResources.bundle/UMSocialPlatformTheme/default/umsocial_googleplus.png ... 
2017-10-25 07:23:13 +0000  2320 bytes for ./Payload/FyhNewProj.app/UMSocialSDKResources.bundle/UMSocialPlatformTheme/default/umsocial_googleplus.png
copying file ./Payload/FyhNewProj.app/UMSocialSDKResources.bundle/UMSocialPlatformTheme/default/umsocial_instagram.png ... 
1952 bytes for ./Payload/FyhNewProj.app/UMSocialSDKResources.bundle/UMSocialPlatformTheme/default/umsocial_instagram.png
2017-10-25 07:23:13 +0000  copying file ./Payload/FyhNewProj.app/UMSocialSDKResources.bundle/UMSocialPlatformTheme/default/umsocial_kakaoTalk.png ... 
1893 bytes for ./Payload/FyhNewProj.app/UMSocialSDKResources.bundle/UMSocialPlatformTheme/default/umsocial_kakaoTalk.png
copying file ./Payload/FyhNewProj.app/UMSocialSDKResources.bundle/UMSocialPlatformTheme/default/umsocial_line.png ... 
2017-10-25 07:23:13 +0000  1720 bytes for ./Payload/FyhNewProj.app/UMSocialSDKResources.bundle/UMSocialPlatformTheme/default/umsocial_line.png
copying file ./Payload/FyhNewProj.app/UMSocialSDKResources.bundle/UMSocialPlatformTheme/default/umsocial_linkedin.png ... 
2017-10-25 07:23:13 +0000  1637 bytes for ./Payload/FyhNewProj.app/UMSocialSDKResources.bundle/UMSocialPlatformTheme/default/umsocial_linkedin.png
copying file ./Payload/FyhNewProj.app/UMSocialSDKResources.bundle/UMSocialPlatformTheme/default/umsocial_lw_session.png ... 
2391 bytes for ./Payload/FyhNewProj.app/UMSocialSDKResources.bundle/UMSocialPlatformTheme/default/umsocial_lw_session.png
copying file ./Payload/FyhNewProj.app/UMSocialSDKResources.bundle/UMSocialPlatformTheme/default/umsocial_lw_timeline.png ... 
2017-10-25 07:23:13 +0000  1139 bytes for ./Payload/FyhNewProj.app/UMSocialSDKResources.bundle/UMSocialPlatformTheme/default/umsocial_lw_timeline.png
copying file ./Payload/FyhNewProj.app/UMSocialSDKResources.bundle/UMSocialPlatformTheme/default/umsocial_pinterest.png ... 
2017-10-25 07:23:13 +0000  1987 bytes for ./Payload/FyhNewProj.app/UMSocialSDKResources.bundle/UMSocialPlatformTheme/default/umsocial_pinterest.png
copying file ./Payload/FyhNewProj.app/UMSocialSDKResources.bundle/UMSocialPlatformTheme/default/umsocial_pocket.png ... 
2017-10-25 07:23:13 +0000  1405 bytes for ./Payload/FyhNewProj.app/UMSocialSDKResources.bundle/UMSocialPlatformTheme/default/umsocial_pocket.png
copying file ./Payload/FyhNewProj.app/UMSocialSDKResources.bundle/UMSocialPlatformTheme/default/umsocial_qq.png ... 
3505 bytes for ./Payload/FyhNewProj.app/UMSocialSDKResources.bundle/UMSocialPlatformTheme/default/umsocial_qq.png
copying file ./Payload/FyhNewProj.app/UMSocialSDKResources.bundle/UMSocialPlatformTheme/default/umsocial_qzone.png ... 
2017-10-25 07:23:13 +0000  2083 bytes for ./Payload/FyhNewProj.app/UMSocialSDKResources.bundle/UMSocialPlatformTheme/default/umsocial_qzone.png
copying file ./Payload/FyhNewProj.app/UMSocialSDKResources.bundle/UMSocialPlatformTheme/default/umsocial_sina.png ... 
2017-10-25 07:23:13 +0000  2581 bytes for ./Payload/FyhNewProj.app/UMSocialSDKResources.bundle/UMSocialPlatformTheme/default/umsocial_sina.png
copying file ./Payload/FyhNewProj.app/UMSocialSDKResources.bundle/UMSocialPlatformTheme/default/umsocial_sms.png ... 
2017-10-25 07:23:13 +0000  1127 bytes for ./Payload/FyhNewProj.app/UMSocialSDKResources.bundle/UMSocialPlatformTheme/default/umsocial_sms.png
copying file ./Payload/FyhNewProj.app/UMSocialSDKResources.bundle/UMSocialPlatformTheme/default/umsocial_tencentWB.png ... 
2017-10-25 07:23:13 +0000  1943 bytes for ./Payload/FyhNewProj.app/UMSocialSDKResources.bundle/UMSocialPlatformTheme/default/umsocial_tencentWB.png
copying file ./Payload/FyhNewProj.app/UMSocialSDKResources.bundle/UMSocialPlatformTheme/default/umsocial_tim.png ... 
2017-10-25 07:23:13 +0000  2597 bytes for ./Payload/FyhNewProj.app/UMSocialSDKResources.bundle/UMSocialPlatformTheme/default/umsocial_tim.png
copying file ./Payload/FyhNewProj.app/UMSocialSDKResources.bundle/UMSocialPlatformTheme/default/umsocial_tumblr.png ... 
2017-10-25 07:23:13 +0000  1564 bytes for ./Payload/FyhNewProj.app/UMSocialSDKResources.bundle/UMSocialPlatformTheme/default/umsocial_tumblr.png
copying file ./Payload/FyhNewProj.app/UMSocialSDKResources.bundle/UMSocialPlatformTheme/default/umsocial_twitter.png ... 
1442 bytes for ./Payload/FyhNewProj.app/UMSocialSDKResources.bundle/UMSocialPlatformTheme/default/umsocial_twitter.png
copying file ./Payload/FyhNewProj.app/UMSocialSDKResources.bundle/UMSocialPlatformTheme/default/umsocial_vkontakte.png ... 
2017-10-25 07:23:13 +0000  1867 bytes for ./Payload/FyhNewProj.app/UMSocialSDKResources.bundle/UMSocialPlatformTheme/default/umsocial_vkontakte.png
copying file ./Payload/FyhNewProj.app/UMSocialSDKResources.bundle/UMSocialPlatformTheme/default/umsocial_wechat.png ... 
2017-10-25 07:23:13 +0000  1628 bytes for ./Payload/FyhNewProj.app/UMSocialSDKResources.bundle/UMSocialPlatformTheme/default/umsocial_wechat.png
copying file ./Payload/FyhNewProj.app/UMSocialSDKResources.bundle/UMSocialPlatformTheme/default/umsocial_wechat_favorite.png ... 
1179 bytes for ./Payload/FyhNewProj.app/UMSocialSDKResources.bundle/UMSocialPlatformTheme/default/umsocial_wechat_favorite.png
copying file ./Payload/FyhNewProj.app/UMSocialSDKResources.bundle/UMSocialPlatformTheme/default/umsocial_wechat_timeline.png ... 
2017-10-25 07:23:13 +0000  1506 bytes for ./Payload/FyhNewProj.app/UMSocialSDKResources.bundle/UMSocialPlatformTheme/default/umsocial_wechat_timeline.png
copying file ./Payload/FyhNewProj.app/UMSocialSDKResources.bundle/UMSocialPlatformTheme/default/umsocial_whatsapp.png ... 
1832 bytes for ./Payload/FyhNewProj.app/UMSocialSDKResources.bundle/UMSocialPlatformTheme/default/umsocial_whatsapp.png
copying file ./Payload/FyhNewProj.app/UMSocialSDKResources.bundle/UMSocialPlatformTheme/default/umsocial_yixin_favorite.png ... 
2017-10-25 07:23:13 +0000  4145 bytes for ./Payload/FyhNewProj.app/UMSocialSDKResources.bundle/UMSocialPlatformTheme/default/umsocial_yixin_favorite.png
2017-10-25 07:23:13 +0000  copying file ./Payload/FyhNewProj.app/UMSocialSDKResources.bundle/UMSocialPlatformTheme/default/umsocial_yixin_session.png ... 
1833 bytes for ./Payload/FyhNewProj.app/UMSocialSDKResources.bundle/UMSocialPlatformTheme/default/umsocial_yixin_session.png
copying file ./Payload/FyhNewProj.app/UMSocialSDKResources.bundle/UMSocialPlatformTheme/default/umsocial_yixin_timeline.png ... 
2017-10-25 07:23:13 +0000  2199 bytes for ./Payload/FyhNewProj.app/UMSocialSDKResources.bundle/UMSocialPlatformTheme/default/umsocial_yixin_timeline.png
copying file ./Payload/FyhNewProj.app/UMSocialSDKResources.bundle/UMSocialPlatformTheme/default/umsocial_youdaonote.png ... 
2017-10-25 07:23:13 +0000  1158 bytes for ./Payload/FyhNewProj.app/UMSocialSDKResources.bundle/UMSocialPlatformTheme/default/umsocial_youdaonote.png
copying file ./Payload/FyhNewProj.app/UMSocialSDKResources.bundle/UMSocialWaterMark/umsocial_defaultwatermark.png ... 
2017-10-25 07:23:13 +0000  3003 bytes for ./Payload/FyhNewProj.app/UMSocialSDKResources.bundle/UMSocialWaterMark/umsocial_defaultwatermark.png
2017-10-25 07:23:13 +0000  copying file ./Payload/FyhNewProj.app/UMSocialSDKResources.bundle/zh-Hans.lproj/UMSocialLocalizable.strings ... 
2017-10-25 07:23:13 +0000  6685 bytes for ./Payload/FyhNewProj.app/UMSocialSDKResources.bundle/zh-Hans.lproj/UMSocialLocalizable.strings
2017-10-25 07:23:13 +0000  copying file ./Payload/FyhNewProj.app/UUIDSettingViewController.nib ... 
2017-10-25 07:23:13 +0000  5352 bytes for ./Payload/FyhNewProj.app/UUIDSettingViewController.nib
copying file ./Payload/FyhNewProj.app/zh-Hans.lproj/Localizable.strings ... 
2017-10-25 07:23:13 +0000  58 bytes for ./Payload/FyhNewProj.app/zh-Hans.lproj/Localizable.strings
copying file ./Payload/FyhNewProj.app/zh-Hans.lproj/RongCloudKit.strings ... 
2017-10-25 07:23:13 +0000  9069 bytes for ./Payload/FyhNewProj.app/zh-Hans.lproj/RongCloudKit.strings
2017-10-25 07:23:13 +0000  /usr/bin/ditto exited with 0
2017-10-25 07:23:13 +0000  Processing step: IDEDistributionCreateManifestStep
